<?xml version="1.0" encoding="utf-8"?><testsuites><testsuite name="pytest" errors="0" failures="2" skipped="44" tests="1688" time="52.937" timestamp="2025-09-19T03:06:50.235590" hostname="7ec019eae20e"><testcase classname="pandas.tests.api.test_api.TestPDApi" name="test_api" time="0.002" /><testcase classname="pandas.tests.api.test_api.TestPDApi" name="test_api_all" time="0.001" /><testcase classname="pandas.tests.api.test_api.TestPDApi" name="test_depr" time="0.001" /><testcase classname="pandas.tests.api.test_api.TestApi" name="test_api" time="0.001" /><testcase classname="pandas.tests.api.test_api.TestApi" name="test_api_typing" time="0.001" /><testcase classname="pandas.tests.api.test_api.TestApi" name="test_api_types" time="0.001" /><testcase classname="pandas.tests.api.test_api.TestApi" name="test_api_interchange" time="0.001" /><testcase classname="pandas.tests.api.test_api.TestApi" name="test_api_indexers" time="0.001" /><testcase classname="pandas.tests.api.test_api.TestApi" name="test_api_extensions" time="0.001" /><testcase classname="pandas.tests.api.test_api.TestErrors" name="test_errors" time="0.001" /><testcase classname="pandas.tests.api.test_api.TestUtil" name="test_util" time="0.001" /><testcase classname="pandas.tests.api.test_api.TestTesting" name="test_testing" time="0.001" /><testcase classname="pandas.tests.api.test_api.TestTesting" name="test_util_in_top_level" time="0.001" /><testcase classname="pandas.tests.api.test_api" name="test_pandas_array_alias" time="0.001" /><testcase classname="pandas.tests.api.test_types.TestTypes" name="test_types" time="0.001" /><testcase classname="pandas.tests.api.test_types.TestTypes" name="test_deprecated_from_api_types" time="0.001" /><testcase classname="pandas.tests.apply.test_frame_apply" name="test_apply[python]" time="0.004" /><testcase classname="pandas.tests.apply.test_frame_apply" name="test_apply[numba]" time="0.002"><skipped type="pytest.xfail" message="numba engine not supporting numpy ufunc yet" /></testcase><testcase classname="pandas.tests.apply.test_frame_apply" name="test_apply_args[python-True-0]" time="0.003" /><testcase classname="pandas.tests.apply.test_frame_apply" name="test_apply_args[python-True-1]" time="0.002" /><testcase classname="pandas.tests.apply.test_frame_apply" name="test_apply_args[python-False-0]" time="0.003" /><testcase classname="pandas.tests.apply.test_frame_apply" name="test_apply_args[python-False-1]" time="0.005" /><testcase classname="pandas.tests.apply.test_frame_apply" name="test_apply_args[numba-True-0]" time="0.302"><skipped type="pytest.xfail" message="numba engine doesn't support args" /></testcase><testcase classname="pandas.tests.apply.test_frame_apply" name="test_apply_args[numba-True-1]" time="0.048"><skipped type="pytest.xfail" message="numba engine doesn't support args" /></testcase><testcase classname="pandas.tests.apply.test_frame_apply" name="test_apply_args[numba-False-0]" time="0.730"><skipped type="pytest.xfail" message="numba engine doesn't support args" /></testcase><testcase classname="pandas.tests.apply.test_frame_apply" name="test_apply_args[numba-False-1]" time="0.693"><skipped type="pytest.xfail" message="numba engine doesn't support args" /></testcase><testcase classname="pandas.tests.apply.test_frame_apply" name="test_apply_categorical_func" time="0.003" /><testcase classname="pandas.tests.apply.test_frame_apply" name="test_apply_axis1_with_ea" time="0.002" /><testcase classname="pandas.tests.apply.test_frame_apply" name="test_agg_axis1_duplicate_index[1-None]" time="0.002" /><testcase classname="pandas.tests.apply.test_frame_apply" name="test_agg_axis1_duplicate_index[1-dtype1]" time="0.003" /><testcase classname="pandas.tests.apply.test_frame_apply" name="test_agg_axis1_duplicate_index[data2-None]" time="0.002" /><testcase classname="pandas.tests.apply.test_frame_apply" name="test_apply_mixed_datetimelike" time="0.003" /><testcase classname="pandas.tests.apply.test_frame_apply" name="test_apply_empty[python-sqrt]" time="0.002" /><testcase classname="pandas.tests.apply.test_frame_apply" name="test_apply_empty[python-mean]" time="0.001" /><testcase classname="pandas.tests.apply.test_frame_apply" name="test_apply_empty[numba-sqrt]" time="0.001" /><testcase classname="pandas.tests.apply.test_frame_apply" name="test_apply_empty[numba-mean]" time="0.001" /><testcase classname="pandas.tests.apply.test_frame_apply" name="test_apply_float_frame[python]" time="0.002" /><testcase classname="pandas.tests.apply.test_frame_apply" name="test_apply_float_frame[numba]" time="0.002" /><testcase classname="pandas.tests.apply.test_frame_apply" name="test_apply_empty_except_index[python]" time="0.001" /><testcase classname="pandas.tests.apply.test_frame_apply" name="test_apply_empty_except_index[numba]" time="0.001" /><testcase classname="pandas.tests.apply.test_frame_apply" name="test_apply_with_reduce_empty" time="0.002" /><testcase classname="pandas.tests.apply.test_frame_apply" name="test_apply_funcs_over_empty[sum]" time="0.003" /><testcase classname="pandas.tests.apply.test_frame_apply" name="test_apply_funcs_over_empty[prod]" time="0.002" /><testcase classname="pandas.tests.apply.test_frame_apply" name="test_apply_funcs_over_empty[any]" time="0.002" /><testcase classname="pandas.tests.apply.test_frame_apply" name="test_apply_funcs_over_empty[all]" time="0.002" /><testcase classname="pandas.tests.apply.test_frame_apply" name="test_nunique_empty" time="0.002" /><testcase classname="pandas.tests.apply.test_frame_apply" name="test_apply_standard_nonunique" time="0.002" /><testcase classname="pandas.tests.apply.test_frame_apply" name="test_apply_broadcast_scalars" time="0.003" /><testcase classname="pandas.tests.apply.test_frame_apply" name="test_apply_broadcast_scalars_axis1" time="0.004" /><testcase classname="pandas.tests.apply.test_frame_apply" name="test_apply_broadcast_lists_columns" time="0.002" /><testcase classname="pandas.tests.apply.test_frame_apply" name="test_apply_broadcast_lists_index" time="0.002" /><testcase classname="pandas.tests.apply.test_frame_apply" name="test_apply_broadcast_list_lambda_func" time="0.002" /><testcase classname="pandas.tests.apply.test_frame_apply" name="test_apply_broadcast_series_lambda_func" time="0.002" /><testcase classname="pandas.tests.apply.test_frame_apply" name="test_apply_raw_float_frame[python-0]" time="0.001" /><testcase classname="pandas.tests.apply.test_frame_apply" name="test_apply_raw_float_frame[python-1]" time="0.001" /><testcase classname="pandas.tests.apply.test_frame_apply" name="test_apply_raw_float_frame[numba-0]" time="0.001"><skipped type="pytest.skip" message="numba can't handle when UDF returns None.">/workspace/repo/pandas/tests/apply/test_frame_apply.py:269: numba can't handle when UDF returns None.</skipped></testcase><testcase classname="pandas.tests.apply.test_frame_apply" name="test_apply_raw_float_frame[numba-1]" time="0.001"><skipped type="pytest.skip" message="numba can't handle when UDF returns None.">/workspace/repo/pandas/tests/apply/test_frame_apply.py:269: numba can't handle when UDF returns None.</skipped></testcase><testcase classname="pandas.tests.apply.test_frame_apply" name="test_apply_raw_float_frame_lambda[python-0]" time="0.002" /><testcase classname="pandas.tests.apply.test_frame_apply" name="test_apply_raw_float_frame_lambda[python-1]" time="0.002" /><testcase classname="pandas.tests.apply.test_frame_apply" name="test_apply_raw_float_frame_lambda[numba-0]" time="0.605" /><testcase classname="pandas.tests.apply.test_frame_apply" name="test_apply_raw_float_frame_lambda[numba-1]" time="0.002" /><testcase classname="pandas.tests.apply.test_frame_apply" name="test_apply_raw_float_frame_no_reduction[python]" time="0.002" /><testcase classname="pandas.tests.apply.test_frame_apply" name="test_apply_raw_float_frame_no_reduction[numba]" time="0.789" /><testcase classname="pandas.tests.apply.test_frame_apply" name="test_apply_raw_mixed_type_frame[python-0]" time="0.002" /><testcase classname="pandas.tests.apply.test_frame_apply" name="test_apply_raw_mixed_type_frame[python-1]" time="0.001" /><testcase classname="pandas.tests.apply.test_frame_apply" name="test_apply_raw_mixed_type_frame[numba-0]" time="0.001"><skipped type="pytest.skip" message="isinstance check doesn't work with numba">/workspace/repo/pandas/tests/apply/test_frame_apply.py:295: isinstance check doesn't work with numba</skipped></testcase><testcase classname="pandas.tests.apply.test_frame_apply" name="test_apply_raw_mixed_type_frame[numba-1]" time="0.001"><skipped type="pytest.skip" message="isinstance check doesn't work with numba">/workspace/repo/pandas/tests/apply/test_frame_apply.py:295: isinstance check doesn't work with numba</skipped></testcase><testcase classname="pandas.tests.apply.test_frame_apply" name="test_apply_axis1" time="0.003" /><testcase classname="pandas.tests.apply.test_frame_apply" name="test_apply_mixed_dtype_corner" time="0.002" /><testcase classname="pandas.tests.apply.test_frame_apply" name="test_apply_mixed_dtype_corner_indexing" time="0.002" /><testcase classname="pandas.tests.apply.test_frame_apply" name="test_apply_empty_infer_type[python-0-True-identity-index]" time="0.001" /><testcase classname="pandas.tests.apply.test_frame_apply" name="test_apply_empty_infer_type[python-0-True-identity-columns]" time="0.002" /><testcase classname="pandas.tests.apply.test_frame_apply" name="test_apply_empty_infer_type[python-0-True-mean-index]" time="0.002" /><testcase classname="pandas.tests.apply.test_frame_apply" name="test_apply_empty_infer_type[python-0-True-mean-columns]" time="0.002" /><testcase classname="pandas.tests.apply.test_frame_apply" name="test_apply_empty_infer_type[python-0-False-identity-index]" time="0.001" /><testcase classname="pandas.tests.apply.test_frame_apply" name="test_apply_empty_infer_type[python-0-False-identity-columns]" time="0.002" /><testcase classname="pandas.tests.apply.test_frame_apply" name="test_apply_empty_infer_type[python-0-False-mean-index]" time="0.001" /><testcase classname="pandas.tests.apply.test_frame_apply" name="test_apply_empty_infer_type[python-0-False-mean-columns]" time="0.002" /><testcase classname="pandas.tests.apply.test_frame_apply" name="test_apply_empty_infer_type[python-1-True-identity-index]" time="0.002" /><testcase classname="pandas.tests.apply.test_frame_apply" name="test_apply_empty_infer_type[python-1-True-identity-columns]" time="0.002" /><testcase classname="pandas.tests.apply.test_frame_apply" name="test_apply_empty_infer_type[python-1-True-mean-index]" time="0.002" /><testcase classname="pandas.tests.apply.test_frame_apply" name="test_apply_empty_infer_type[python-1-True-mean-columns]" time="0.002" /><testcase classname="pandas.tests.apply.test_frame_apply" name="test_apply_empty_infer_type[python-1-False-identity-index]" time="0.001" /><testcase classname="pandas.tests.apply.test_frame_apply" name="test_apply_empty_infer_type[python-1-False-identity-columns]" time="0.002" /><testcase classname="pandas.tests.apply.test_frame_apply" name="test_apply_empty_infer_type[python-1-False-mean-index]" time="0.001" /><testcase classname="pandas.tests.apply.test_frame_apply" name="test_apply_empty_infer_type[python-1-False-mean-columns]" time="0.002" /><testcase classname="pandas.tests.apply.test_frame_apply" name="test_apply_empty_infer_type[numba-0-True-identity-index]" time="0.001" /><testcase classname="pandas.tests.apply.test_frame_apply" name="test_apply_empty_infer_type[numba-0-True-identity-columns]" time="0.002" /><testcase classname="pandas.tests.apply.test_frame_apply" name="test_apply_empty_infer_type[numba-0-True-mean-index]" time="0.001" /><testcase classname="pandas.tests.apply.test_frame_apply" name="test_apply_empty_infer_type[numba-0-True-mean-columns]" time="0.002" /><testcase classname="pandas.tests.apply.test_frame_apply" name="test_apply_empty_infer_type[numba-0-False-identity-index]" time="0.002" /><testcase classname="pandas.tests.apply.test_frame_apply" name="test_apply_empty_infer_type[numba-0-False-identity-columns]" time="0.002" /><testcase classname="pandas.tests.apply.test_frame_apply" name="test_apply_empty_infer_type[numba-0-False-mean-index]" time="0.002" /><testcase classname="pandas.tests.apply.test_frame_apply" name="test_apply_empty_infer_type[numba-0-False-mean-columns]" time="0.002" /><testcase classname="pandas.tests.apply.test_frame_apply" name="test_apply_empty_infer_type[numba-1-True-identity-index]" time="0.001" /><testcase classname="pandas.tests.apply.test_frame_apply" name="test_apply_empty_infer_type[numba-1-True-identity-columns]" time="0.002" /><testcase classname="pandas.tests.apply.test_frame_apply" name="test_apply_empty_infer_type[numba-1-True-mean-index]" time="0.001" /><testcase classname="pandas.tests.apply.test_frame_apply" name="test_apply_empty_infer_type[numba-1-True-mean-columns]" time="0.002" /><testcase classname="pandas.tests.apply.test_frame_apply" name="test_apply_empty_infer_type[numba-1-False-identity-index]" time="0.001" /><testcase classname="pandas.tests.apply.test_frame_apply" name="test_apply_empty_infer_type[numba-1-False-identity-columns]" time="0.002" /><testcase classname="pandas.tests.apply.test_frame_apply" name="test_apply_empty_infer_type[numba-1-False-mean-index]" time="0.002" /><testcase classname="pandas.tests.apply.test_frame_apply" name="test_apply_empty_infer_type[numba-1-False-mean-columns]" time="0.002" /><testcase classname="pandas.tests.apply.test_frame_apply" name="test_apply_empty_infer_type_broadcast" time="0.001" /><testcase classname="pandas.tests.apply.test_frame_apply" name="test_apply_with_args_kwds_add_some" time="0.003" /><testcase classname="pandas.tests.apply.test_frame_apply" name="test_apply_with_args_kwds_agg_and_add" time="0.002" /><testcase classname="pandas.tests.apply.test_frame_apply" name="test_apply_with_args_kwds_subtract_and_divide" time="0.003" /><testcase classname="pandas.tests.apply.test_frame_apply" name="test_apply_yield_list" time="0.002" /><testcase classname="pandas.tests.apply.test_frame_apply" name="test_apply_reduce_Series" time="0.003" /><testcase classname="pandas.tests.apply.test_frame_apply" name="test_apply_reduce_to_dict" time="0.002" /><testcase classname="pandas.tests.apply.test_frame_apply" name="test_apply_differently_indexed" time="0.071" /><testcase classname="pandas.tests.apply.test_frame_apply" name="test_apply_bug" time="0.002" /><testcase classname="pandas.tests.apply.test_frame_apply" name="test_apply_convert_objects" time="0.003" /><testcase classname="pandas.tests.apply.test_frame_apply" name="test_apply_attach_name" time="0.001" /><testcase classname="pandas.tests.apply.test_frame_apply" name="test_apply_attach_name_axis1" time="0.001" /><testcase classname="pandas.tests.apply.test_frame_apply" name="test_apply_attach_name_non_reduction" time="0.002" /><testcase classname="pandas.tests.apply.test_frame_apply" name="test_apply_attach_name_non_reduction_axis1" time="0.002" /><testcase classname="pandas.tests.apply.test_frame_apply" name="test_apply_multi_index" time="0.003" /><testcase classname="pandas.tests.apply.test_frame_apply" name="test_apply_dict[df0-dicts0]" time="0.002" /><testcase classname="pandas.tests.apply.test_frame_apply" name="test_apply_dict[df1-dicts1]" time="0.002" /><testcase classname="pandas.tests.apply.test_frame_apply" name="test_apply_non_numpy_dtype" time="0.003" /><testcase classname="pandas.tests.apply.test_frame_apply" name="test_apply_non_numpy_dtype_category" time="0.002" /><testcase classname="pandas.tests.apply.test_frame_apply" name="test_apply_dup_names_multi_agg" time="0.003" /><testcase classname="pandas.tests.apply.test_frame_apply" name="test_apply_nested_result_axis_1[apply]" time="0.001" /><testcase classname="pandas.tests.apply.test_frame_apply" name="test_apply_nested_result_axis_1[agg]" time="0.001" /><testcase classname="pandas.tests.apply.test_frame_apply" name="test_apply_noreduction_tzaware_object" time="0.002" /><testcase classname="pandas.tests.apply.test_frame_apply" name="test_apply_function_runs_once" time="0.002" /><testcase classname="pandas.tests.apply.test_frame_apply" name="test_apply_raw_function_runs_once[python]" time="0.001" /><testcase classname="pandas.tests.apply.test_frame_apply" name="test_apply_raw_function_runs_once[numba]" time="0.001"><skipped type="pytest.skip" message="appending to list outside of numba func is not supported">/workspace/repo/pandas/tests/apply/test_frame_apply.py:659: appending to list outside of numba func is not supported</skipped></testcase><testcase classname="pandas.tests.apply.test_frame_apply" name="test_apply_with_byte_string" time="0.001" /><testcase classname="pandas.tests.apply.test_frame_apply" name="test_apply_category_equalness[asd]" time="0.002" /><testcase classname="pandas.tests.apply.test_frame_apply" name="test_apply_category_equalness[12]" time="0.002" /><testcase classname="pandas.tests.apply.test_frame_apply" name="test_apply_category_equalness[None]" time="0.002" /><testcase classname="pandas.tests.apply.test_frame_apply" name="test_apply_category_equalness[nan]" time="0.002" /><testcase classname="pandas.tests.apply.test_frame_apply" name="test_infer_row_shape" time="0.001" /><testcase classname="pandas.tests.apply.test_frame_apply" name="test_dictlike_lambda[ops0-compat-expected0]" time="0.002" /><testcase classname="pandas.tests.apply.test_frame_apply" name="test_dictlike_lambda[ops1-False-expected1]" time="0.002" /><testcase classname="pandas.tests.apply.test_frame_apply" name="test_dictlike_lambda[ops2-compat-expected2]" time="0.002" /><testcase classname="pandas.tests.apply.test_frame_apply" name="test_dictlike_lambda[ops3-False-expected3]" time="0.001" /><testcase classname="pandas.tests.apply.test_frame_apply" name="test_dictlike_lambda[ops4-compat-expected4]" time="0.002" /><testcase classname="pandas.tests.apply.test_frame_apply" name="test_dictlike_lambda[ops5-False-expected5]" time="0.002" /><testcase classname="pandas.tests.apply.test_frame_apply" name="test_dictlike_lambda[ops6-compat-expected6]" time="0.002" /><testcase classname="pandas.tests.apply.test_frame_apply" name="test_dictlike_lambda[ops7-False-expected7]" time="0.002" /><testcase classname="pandas.tests.apply.test_frame_apply" name="test_dictlike_lambda_raises[ops0]" time="0.001" /><testcase classname="pandas.tests.apply.test_frame_apply" name="test_dictlike_lambda_raises[ops1]" time="0.001" /><testcase classname="pandas.tests.apply.test_frame_apply" name="test_dictlike_lambda_raises[ops2]" time="0.001" /><testcase classname="pandas.tests.apply.test_frame_apply" name="test_dictlike_lambda_raises[ops3]" time="0.001" /><testcase classname="pandas.tests.apply.test_frame_apply" name="test_with_dictlike_columns" time="0.003" /><testcase classname="pandas.tests.apply.test_frame_apply" name="test_with_dictlike_columns_with_datetime" time="0.003" /><testcase classname="pandas.tests.apply.test_frame_apply" name="test_with_dictlike_columns_with_infer" time="0.003" /><testcase classname="pandas.tests.apply.test_frame_apply" name="test_listlike_lambda[ops0-compat-expected0]" time="0.002" /><testcase classname="pandas.tests.apply.test_frame_apply" name="test_listlike_lambda[ops1-False-expected1]" time="0.002" /><testcase classname="pandas.tests.apply.test_frame_apply" name="test_listlike_lambda[ops2-compat-expected2]" time="0.002" /><testcase classname="pandas.tests.apply.test_frame_apply" name="test_listlike_lambda[ops3-False-expected3]" time="0.002" /><testcase classname="pandas.tests.apply.test_frame_apply" name="test_listlike_lambda[ops4-compat-expected4]" time="0.003" /><testcase classname="pandas.tests.apply.test_frame_apply" name="test_listlike_lambda[ops5-False-expected5]" time="0.002" /><testcase classname="pandas.tests.apply.test_frame_apply" name="test_listlike_lambda[ops6-compat-expected6]" time="0.002" /><testcase classname="pandas.tests.apply.test_frame_apply" name="test_listlike_lambda[ops7-False-expected7]" time="0.002" /><testcase classname="pandas.tests.apply.test_frame_apply" name="test_listlike_lambda_raises[ops0]" time="0.001" /><testcase classname="pandas.tests.apply.test_frame_apply" name="test_listlike_lambda_raises[ops1]" time="0.001" /><testcase classname="pandas.tests.apply.test_frame_apply" name="test_listlike_lambda_raises[ops2]" time="0.001" /><testcase classname="pandas.tests.apply.test_frame_apply" name="test_listlike_lambda_raises[ops3]" time="0.001" /><testcase classname="pandas.tests.apply.test_frame_apply" name="test_with_listlike_columns" time="0.005" /><testcase classname="pandas.tests.apply.test_frame_apply" name="test_with_listlike_columns_returning_list" time="0.002" /><testcase classname="pandas.tests.apply.test_frame_apply" name="test_infer_output_shape_columns" time="0.002" /><testcase classname="pandas.tests.apply.test_frame_apply" name="test_infer_output_shape_listlike_columns" time="0.002" /><testcase classname="pandas.tests.apply.test_frame_apply" name="test_infer_output_shape_listlike_columns_np_func[1]" time="0.002" /><testcase classname="pandas.tests.apply.test_frame_apply" name="test_infer_output_shape_listlike_columns_np_func[2]" time="0.002" /><testcase classname="pandas.tests.apply.test_frame_apply" name="test_infer_output_shape_listlike_columns_with_timestamp" time="0.002" /><testcase classname="pandas.tests.apply.test_frame_apply" name="test_consistent_coerce_for_shapes[lst0]" time="0.002" /><testcase classname="pandas.tests.apply.test_frame_apply" name="test_consistent_coerce_for_shapes[lst1]" time="0.002" /><testcase classname="pandas.tests.apply.test_frame_apply" name="test_consistent_names" time="0.004" /><testcase classname="pandas.tests.apply.test_frame_apply" name="test_result_type" time="0.002" /><testcase classname="pandas.tests.apply.test_frame_apply" name="test_result_type_shorter_list" time="0.002" /><testcase classname="pandas.tests.apply.test_frame_apply" name="test_result_type_broadcast[python]" time="0.002" /><testcase classname="pandas.tests.apply.test_frame_apply" name="test_result_type_broadcast[numba]" time="0.001"><skipped type="pytest.xfail" message="numba engine doesn't support list return" /></testcase><testcase classname="pandas.tests.apply.test_frame_apply" name="test_result_type_broadcast_series_func[python]" time="0.003" /><testcase classname="pandas.tests.apply.test_frame_apply" name="test_result_type_broadcast_series_func[numba]" time="0.001"><skipped type="pytest.xfail" message="numba Series constructor only support ndarrays not list data" /></testcase><testcase classname="pandas.tests.apply.test_frame_apply" name="test_result_type_series_result[python]" time="0.003" /><testcase classname="pandas.tests.apply.test_frame_apply" name="test_result_type_series_result[numba]" time="0.112"><skipped type="pytest.xfail" message="numba Series constructor only support ndarrays not list data" /></testcase><testcase classname="pandas.tests.apply.test_frame_apply" name="test_result_type_series_result_other_index[python]" time="0.003" /><testcase classname="pandas.tests.apply.test_frame_apply" name="test_result_type_series_result_other_index[numba]" time="0.051"><skipped type="pytest.xfail" message="no support in numba Series constructor for list of columns" /></testcase><testcase classname="pandas.tests.apply.test_frame_apply" name="test_consistency_for_boxed[list]" time="0.004" /><testcase classname="pandas.tests.apply.test_frame_apply" name="test_consistency_for_boxed[tuple]" time="0.003" /><testcase classname="pandas.tests.apply.test_frame_apply" name="test_consistency_for_boxed[array]" time="0.003" /><testcase classname="pandas.tests.apply.test_frame_apply" name="test_agg_transform[axis=0]" time="0.009" /><testcase classname="pandas.tests.apply.test_frame_apply" name="test_agg_transform[axis=1]" time="0.028" /><testcase classname="pandas.tests.apply.test_frame_apply" name="test_agg_transform[axis='index']" time="0.009" /><testcase classname="pandas.tests.apply.test_frame_apply" name="test_agg_transform[axis='columns']" time="0.028" /><testcase classname="pandas.tests.apply.test_frame_apply" name="test_demo" time="0.003" /><testcase classname="pandas.tests.apply.test_frame_apply" name="test_demo_dict_agg" time="0.003" /><testcase classname="pandas.tests.apply.test_frame_apply" name="test_agg_with_name_as_column_name" time="0.002" /><testcase classname="pandas.tests.apply.test_frame_apply" name="test_agg_multiple_mixed" time="0.005" /><testcase classname="pandas.tests.apply.test_frame_apply" name="test_agg_multiple_mixed_raises" time="0.004" /><testcase classname="pandas.tests.apply.test_frame_apply" name="test_agg_reduce[axis=0]" time="0.011" /><testcase classname="pandas.tests.apply.test_frame_apply" name="test_agg_reduce[axis=1]" time="0.024" /><testcase classname="pandas.tests.apply.test_frame_apply" name="test_agg_reduce[axis='index']" time="0.011" /><testcase classname="pandas.tests.apply.test_frame_apply" name="test_agg_reduce[axis='columns']" time="0.024" /><testcase classname="pandas.tests.apply.test_frame_apply" name="test_nuiscance_columns" time="0.007" /><testcase classname="pandas.tests.apply.test_frame_apply" name="test_non_callable_aggregates[agg]" time="0.008" /><testcase classname="pandas.tests.apply.test_frame_apply" name="test_non_callable_aggregates[apply]" time="0.007" /><testcase classname="pandas.tests.apply.test_frame_apply" name="test_size_as_str[axis=0-agg]" time="0.001" /><testcase classname="pandas.tests.apply.test_frame_apply" name="test_size_as_str[axis=0-apply]" time="0.001" /><testcase classname="pandas.tests.apply.test_frame_apply" name="test_size_as_str[axis=1-agg]" time="0.001" /><testcase classname="pandas.tests.apply.test_frame_apply" name="test_size_as_str[axis=1-apply]" time="0.001" /><testcase classname="pandas.tests.apply.test_frame_apply" name="test_size_as_str[axis='index'-agg]" time="0.001" /><testcase classname="pandas.tests.apply.test_frame_apply" name="test_size_as_str[axis='index'-apply]" time="0.001" /><testcase classname="pandas.tests.apply.test_frame_apply" name="test_size_as_str[axis='columns'-agg]" time="0.001" /><testcase classname="pandas.tests.apply.test_frame_apply" name="test_size_as_str[axis='columns'-apply]" time="0.001" /><testcase classname="pandas.tests.apply.test_frame_apply" name="test_agg_listlike_result" time="0.004" /><testcase classname="pandas.tests.apply.test_frame_apply" name="test_agg_args_kwargs[args0-kwargs0-0]" time="0.002" /><testcase classname="pandas.tests.apply.test_frame_apply" name="test_agg_args_kwargs[args0-kwargs0-1]" time="0.002" /><testcase classname="pandas.tests.apply.test_frame_apply" name="test_agg_args_kwargs[args1-kwargs1-0]" time="0.001" /><testcase classname="pandas.tests.apply.test_frame_apply" name="test_agg_args_kwargs[args1-kwargs1-1]" time="0.002" /><testcase classname="pandas.tests.apply.test_frame_apply" name="test_agg_args_kwargs[args2-kwargs2-0]" time="0.001" /><testcase classname="pandas.tests.apply.test_frame_apply" name="test_agg_args_kwargs[args2-kwargs2-1]" time="0.002" /><testcase classname="pandas.tests.apply.test_frame_apply" name="test_agg_args_kwargs[args3-kwargs3-0]" time="0.001" /><testcase classname="pandas.tests.apply.test_frame_apply" name="test_agg_args_kwargs[args3-kwargs3-1]" time="0.002" /><testcase classname="pandas.tests.apply.test_frame_apply" name="test_agg_args_kwargs[args4-kwargs4-0]" time="0.001" /><testcase classname="pandas.tests.apply.test_frame_apply" name="test_agg_args_kwargs[args4-kwargs4-1]" time="0.002" /><testcase classname="pandas.tests.apply.test_frame_apply" name="test_agg_args_kwargs[args5-kwargs5-0]" time="0.002" /><testcase classname="pandas.tests.apply.test_frame_apply" name="test_agg_args_kwargs[args5-kwargs5-1]" time="0.001" /><testcase classname="pandas.tests.apply.test_frame_apply" name="test_agg_args_kwargs[args6-kwargs6-0]" time="0.002" /><testcase classname="pandas.tests.apply.test_frame_apply" name="test_agg_args_kwargs[args6-kwargs6-1]" time="0.002" /><testcase classname="pandas.tests.apply.test_frame_apply" name="test_frequency_is_original[python-2]" time="0.001" /><testcase classname="pandas.tests.apply.test_frame_apply" name="test_frequency_is_original[python-3]" time="0.001" /><testcase classname="pandas.tests.apply.test_frame_apply" name="test_frequency_is_original[python-5]" time="0.002" /><testcase classname="pandas.tests.apply.test_frame_apply" name="test_frequency_is_original[numba-2]" time="0.003"><skipped type="pytest.xfail" message="numba engine only supports numeric indices" /></testcase><testcase classname="pandas.tests.apply.test_frame_apply" name="test_frequency_is_original[numba-3]" time="0.002"><skipped type="pytest.xfail" message="numba engine only supports numeric indices" /></testcase><testcase classname="pandas.tests.apply.test_frame_apply" name="test_frequency_is_original[numba-5]" time="0.002"><skipped type="pytest.xfail" message="numba engine only supports numeric indices" /></testcase><testcase classname="pandas.tests.apply.test_frame_apply" name="test_apply_datetime_tz_issue[python]" time="0.002" /><testcase classname="pandas.tests.apply.test_frame_apply" name="test_apply_datetime_tz_issue[numba]" time="0.002"><skipped type="pytest.xfail" message="numba engine doesn't support non-numeric indexes" /></testcase><testcase classname="pandas.tests.apply.test_frame_apply" name="test_mixed_column_raises[min-df0]" time="0.001" /><testcase classname="pandas.tests.apply.test_frame_apply" name="test_mixed_column_raises[max-df0]" time="0.001" /><testcase classname="pandas.tests.apply.test_frame_apply" name="test_mixed_column_raises[sum-df0]" time="0.001" /><testcase classname="pandas.tests.apply.test_frame_apply" name="test_apply_dtype[1]" time="0.002" /><testcase classname="pandas.tests.apply.test_frame_apply" name="test_apply_dtype[1.0]" time="0.001" /><testcase classname="pandas.tests.apply.test_frame_apply" name="test_apply_dtype[True]" time="0.001" /><testcase classname="pandas.tests.apply.test_frame_apply" name="test_apply_dtype[a]" time="0.001" /><testcase classname="pandas.tests.apply.test_frame_apply" name="test_apply_dtype[nan]" time="0.001" /><testcase classname="pandas.tests.apply.test_frame_apply" name="test_apply_mutating" time="0.011" /><testcase classname="pandas.tests.apply.test_frame_apply" name="test_apply_empty_list_reduce" time="0.001" /><testcase classname="pandas.tests.apply.test_frame_apply" name="test_apply_no_suffix_index[python]" time="0.003" /><testcase classname="pandas.tests.apply.test_frame_apply" name="test_apply_no_suffix_index[numba]" time="0.001"><skipped type="pytest.xfail" message="numba engine doesn't support list-likes/dict-like callables" /></testcase><testcase classname="pandas.tests.apply.test_frame_apply" name="test_apply_raw_returns_string[python]" time="0.002" /><testcase classname="pandas.tests.apply.test_frame_apply" name="test_apply_raw_returns_string[numba]" time="0.001"><skipped type="pytest.skip" message="No object dtype support in numba">/workspace/repo/pandas/tests/apply/test_frame_apply.py:1538: No object dtype support in numba</skipped></testcase><testcase classname="pandas.tests.apply.test_frame_apply" name="test_aggregation_func_column_order" time="0.004" /><testcase classname="pandas.tests.apply.test_frame_apply" name="test_apply_getitem_axis_1[python]" time="0.002" /><testcase classname="pandas.tests.apply.test_frame_apply" name="test_apply_getitem_axis_1[numba]" time="0.001"><skipped type="pytest.xfail" message="numba engine not supporting duplicate index values" /></testcase><testcase classname="pandas.tests.apply.test_frame_apply" name="test_nuisance_depr_passes_through_warnings" time="0.002" /><testcase classname="pandas.tests.apply.test_frame_apply" name="test_apply_type" time="0.002" /><testcase classname="pandas.tests.apply.test_frame_apply" name="test_apply_on_empty_dataframe[python]" time="0.001" /><testcase classname="pandas.tests.apply.test_frame_apply" name="test_apply_on_empty_dataframe[numba]" time="0.001" /><testcase classname="pandas.tests.apply.test_frame_apply" name="test_apply_return_list" time="0.001" /><testcase classname="pandas.tests.apply.test_frame_apply" name="test_unique_agg_type_is_series[test0-constant0]" time="0.002" /><testcase classname="pandas.tests.apply.test_frame_apply" name="test_unique_agg_type_is_series[test1-constant1]" time="0.002" /><testcase classname="pandas.tests.apply.test_frame_apply" name="test_any_apply_keyword_non_zero_axis_regression" time="0.002" /><testcase classname="pandas.tests.apply.test_frame_apply" name="test_agg_mapping_func_deprecated" time="0.005" /><testcase classname="pandas.tests.apply.test_frame_apply" name="test_agg_std" time="0.003" /><testcase classname="pandas.tests.apply.test_frame_apply" name="test_agg_dist_like_and_nonunique_columns" time="0.003" /><testcase classname="pandas.tests.apply.test_frame_apply_relabeling" name="test_agg_relabel" time="0.010" /><testcase classname="pandas.tests.apply.test_frame_apply_relabeling" name="test_agg_relabel_multi_columns_multi_methods" time="0.008" /><testcase classname="pandas.tests.apply.test_frame_apply_relabeling" name="test_agg_relabel_partial_functions" time="0.009"><skipped type="pytest.xfail" message="name of min now equals name of np.min" /></testcase><testcase classname="pandas.tests.apply.test_frame_apply_relabeling" name="test_agg_namedtuple" time="0.013" /><testcase classname="pandas.tests.apply.test_frame_apply_relabeling" name="test_reconstruct_func" time="0.001" /><testcase classname="pandas.tests.apply.test_frame_transform" name="test_transform_ufunc[axis=0-DataFrame]" time="0.002" /><testcase classname="pandas.tests.apply.test_frame_transform" name="test_transform_ufunc[axis=0-Series]" time="0.002" /><testcase classname="pandas.tests.apply.test_frame_transform" name="test_transform_ufunc[axis=1-DataFrame]" time="0.002" /><testcase classname="pandas.tests.apply.test_frame_transform" name="test_transform_ufunc[axis=1-Series]" time="0.001"><skipped type="pytest.skip" message="Test is only for DataFrame with axis=1">/workspace/repo/pandas/tests/apply/test_frame_transform.py:22: Test is only for DataFrame with axis=1</skipped></testcase><testcase classname="pandas.tests.apply.test_frame_transform" name="test_transform_ufunc[axis='index'-DataFrame]" time="0.002" /><testcase classname="pandas.tests.apply.test_frame_transform" name="test_transform_ufunc[axis='index'-Series]" time="0.001"><skipped type="pytest.skip" message="Test is only for DataFrame with axis=index">/workspace/repo/pandas/tests/apply/test_frame_transform.py:22: Test is only for DataFrame with axis=index</skipped></testcase><testcase classname="pandas.tests.apply.test_frame_transform" name="test_transform_ufunc[axis='columns'-DataFrame]" time="0.002" /><testcase classname="pandas.tests.apply.test_frame_transform" name="test_transform_ufunc[axis='columns'-Series]" time="0.001"><skipped type="pytest.skip" message="Test is only for DataFrame with axis=columns">/workspace/repo/pandas/tests/apply/test_frame_transform.py:22: Test is only for DataFrame with axis=columns</skipped></testcase><testcase classname="pandas.tests.apply.test_frame_transform" name="test_transform_listlike[axis=0-ops0-names0]" time="0.006" /><testcase classname="pandas.tests.apply.test_frame_transform" name="test_transform_listlike[axis=0-ops1-names1]" time="0.007" /><testcase classname="pandas.tests.apply.test_frame_transform" name="test_transform_listlike[axis=0-ops2-names2]" time="0.005" /><testcase classname="pandas.tests.apply.test_frame_transform" name="test_transform_listlike[axis=0-ops3-names3]" time="0.006" /><testcase classname="pandas.tests.apply.test_frame_transform" name="test_transform_listlike[axis=1-ops0-names0]" time="0.015" /><testcase classname="pandas.tests.apply.test_frame_transform" name="test_transform_listlike[axis=1-ops1-names1]" time="0.020" /><testcase classname="pandas.tests.apply.test_frame_transform" name="test_transform_listlike[axis=1-ops2-names2]" time="0.015" /><testcase classname="pandas.tests.apply.test_frame_transform" name="test_transform_listlike[axis=1-ops3-names3]" time="0.019" /><testcase classname="pandas.tests.apply.test_frame_transform" name="test_transform_listlike[axis='index'-ops0-names0]" time="0.006" /><testcase classname="pandas.tests.apply.test_frame_transform" name="test_transform_listlike[axis='index'-ops1-names1]" time="0.006" /><testcase classname="pandas.tests.apply.test_frame_transform" name="test_transform_listlike[axis='index'-ops2-names2]" time="0.005" /><testcase classname="pandas.tests.apply.test_frame_transform" name="test_transform_listlike[axis='index'-ops3-names3]" time="0.006" /><testcase classname="pandas.tests.apply.test_frame_transform" name="test_transform_listlike[axis='columns'-ops0-names0]" time="0.016" /><testcase classname="pandas.tests.apply.test_frame_transform" name="test_transform_listlike[axis='columns'-ops1-names1]" time="0.021" /><testcase classname="pandas.tests.apply.test_frame_transform" name="test_transform_listlike[axis='columns'-ops2-names2]" time="0.017" /><testcase classname="pandas.tests.apply.test_frame_transform" name="test_transform_listlike[axis='columns'-ops3-names3]" time="0.022" /><testcase classname="pandas.tests.apply.test_frame_transform" name="test_transform_empty_listlike[DataFrame-ops0]" time="0.002" /><testcase classname="pandas.tests.apply.test_frame_transform" name="test_transform_empty_listlike[DataFrame-ops1]" time="0.001" /><testcase classname="pandas.tests.apply.test_frame_transform" name="test_transform_empty_listlike[Series-ops0]" time="0.001" /><testcase classname="pandas.tests.apply.test_frame_transform" name="test_transform_empty_listlike[Series-ops1]" time="0.001" /><testcase classname="pandas.tests.apply.test_frame_transform" name="test_transform_listlike_func_with_args" time="0.003" /><testcase classname="pandas.tests.apply.test_frame_transform" name="test_transform_dictlike[axis=0-dict]" time="0.002" /><testcase classname="pandas.tests.apply.test_frame_transform" name="test_transform_dictlike[axis=0-Series]" time="0.003" /><testcase classname="pandas.tests.apply.test_frame_transform" name="test_transform_dictlike[axis=1-dict]" time="0.003" /><testcase classname="pandas.tests.apply.test_frame_transform" name="test_transform_dictlike[axis=1-Series]" time="0.003" /><testcase classname="pandas.tests.apply.test_frame_transform" name="test_transform_dictlike[axis='index'-dict]" time="0.002" /><testcase classname="pandas.tests.apply.test_frame_transform" name="test_transform_dictlike[axis='index'-Series]" time="0.002" /><testcase classname="pandas.tests.apply.test_frame_transform" name="test_transform_dictlike[axis='columns'-dict]" time="0.002" /><testcase classname="pandas.tests.apply.test_frame_transform" name="test_transform_dictlike[axis='columns'-Series]" time="0.003" /><testcase classname="pandas.tests.apply.test_frame_transform" name="test_transform_dictlike_mixed" time="0.004" /><testcase classname="pandas.tests.apply.test_frame_transform" name="test_transform_empty_dictlike[DataFrame-ops0]" time="0.001" /><testcase classname="pandas.tests.apply.test_frame_transform" name="test_transform_empty_dictlike[DataFrame-ops1]" time="0.001" /><testcase classname="pandas.tests.apply.test_frame_transform" name="test_transform_empty_dictlike[DataFrame-ops2]" time="0.001" /><testcase classname="pandas.tests.apply.test_frame_transform" name="test_transform_empty_dictlike[DataFrame-ops3]" time="0.002" /><testcase classname="pandas.tests.apply.test_frame_transform" name="test_transform_empty_dictlike[DataFrame-ops4]" time="0.001" /><testcase classname="pandas.tests.apply.test_frame_transform" name="test_transform_empty_dictlike[DataFrame-ops5]" time="0.002" /><testcase classname="pandas.tests.apply.test_frame_transform" name="test_transform_empty_dictlike[Series-ops0]" time="0.001" /><testcase classname="pandas.tests.apply.test_frame_transform" name="test_transform_empty_dictlike[Series-ops1]" time="0.001" /><testcase classname="pandas.tests.apply.test_frame_transform" name="test_transform_empty_dictlike[Series-ops2]" time="0.001" /><testcase classname="pandas.tests.apply.test_frame_transform" name="test_transform_empty_dictlike[Series-ops3]" time="0.002" /><testcase classname="pandas.tests.apply.test_frame_transform" name="test_transform_empty_dictlike[Series-ops4]" time="0.001" /><testcase classname="pandas.tests.apply.test_frame_transform" name="test_transform_empty_dictlike[Series-ops5]" time="0.002" /><testcase classname="pandas.tests.apply.test_frame_transform" name="test_transform_udf[axis=0-DataFrame-True]" time="0.003" /><testcase classname="pandas.tests.apply.test_frame_transform" name="test_transform_udf[axis=0-DataFrame-False]" time="0.002" /><testcase classname="pandas.tests.apply.test_frame_transform" name="test_transform_udf[axis=0-Series-True]" time="0.002" /><testcase classname="pandas.tests.apply.test_frame_transform" name="test_transform_udf[axis=0-Series-False]" time="0.002" /><testcase classname="pandas.tests.apply.test_frame_transform" name="test_transform_udf[axis=1-DataFrame-True]" time="0.005" /><testcase classname="pandas.tests.apply.test_frame_transform" name="test_transform_udf[axis=1-DataFrame-False]" time="0.002" /><testcase classname="pandas.tests.apply.test_frame_transform" name="test_transform_udf[axis=1-Series-True]" time="0.001"><skipped type="pytest.skip" message="Test is only for DataFrame with axis=1">/workspace/repo/pandas/tests/apply/test_frame_transform.py:22: Test is only for DataFrame with axis=1</skipped></testcase><testcase classname="pandas.tests.apply.test_frame_transform" name="test_transform_udf[axis=1-Series-False]" time="0.001"><skipped type="pytest.skip" message="Test is only for DataFrame with axis=1">/workspace/repo/pandas/tests/apply/test_frame_transform.py:22: Test is only for DataFrame with axis=1</skipped></testcase><testcase classname="pandas.tests.apply.test_frame_transform" name="test_transform_udf[axis='index'-DataFrame-True]" time="0.003" /><testcase classname="pandas.tests.apply.test_frame_transform" name="test_transform_udf[axis='index'-DataFrame-False]" time="0.002" /><testcase classname="pandas.tests.apply.test_frame_transform" name="test_transform_udf[axis='index'-Series-True]" time="0.001"><skipped type="pytest.skip" message="Test is only for DataFrame with axis=index">/workspace/repo/pandas/tests/apply/test_frame_transform.py:22: Test is only for DataFrame with axis=index</skipped></testcase><testcase classname="pandas.tests.apply.test_frame_transform" name="test_transform_udf[axis='index'-Series-False]" time="0.001"><skipped type="pytest.skip" message="Test is only for DataFrame with axis=index">/workspace/repo/pandas/tests/apply/test_frame_transform.py:22: Test is only for DataFrame with axis=index</skipped></testcase><testcase classname="pandas.tests.apply.test_frame_transform" name="test_transform_udf[axis='columns'-DataFrame-True]" time="0.005" /><testcase classname="pandas.tests.apply.test_frame_transform" name="test_transform_udf[axis='columns'-DataFrame-False]" time="0.002" /><testcase classname="pandas.tests.apply.test_frame_transform" name="test_transform_udf[axis='columns'-Series-True]" time="0.001"><skipped type="pytest.skip" message="Test is only for DataFrame with axis=columns">/workspace/repo/pandas/tests/apply/test_frame_transform.py:22: Test is only for DataFrame with axis=columns</skipped></testcase><testcase classname="pandas.tests.apply.test_frame_transform" name="test_transform_udf[axis='columns'-Series-False]" time="0.001"><skipped type="pytest.skip" message="Test is only for DataFrame with axis=columns">/workspace/repo/pandas/tests/apply/test_frame_transform.py:22: Test is only for DataFrame with axis=columns</skipped></testcase><testcase classname="pandas.tests.apply.test_frame_transform" name="test_transform_bad_dtype[DataFrame-cummax]" time="0.002" /><testcase classname="pandas.tests.apply.test_frame_transform" name="test_transform_bad_dtype[DataFrame-cummin]" time="0.002" /><testcase classname="pandas.tests.apply.test_frame_transform" name="test_transform_bad_dtype[DataFrame-cumprod]" time="0.002" /><testcase classname="pandas.tests.apply.test_frame_transform" name="test_transform_bad_dtype[DataFrame-cumsum]" time="0.002" /><testcase classname="pandas.tests.apply.test_frame_transform" name="test_transform_bad_dtype[DataFrame-diff]" time="0.002" /><testcase classname="pandas.tests.apply.test_frame_transform" name="test_transform_bad_dtype[DataFrame-ngroup]" time="0.001"><skipped type="pytest.xfail" message="ngroup not valid for NDFrame" /></testcase><testcase classname="pandas.tests.apply.test_frame_transform" name="test_transform_bad_dtype[DataFrame-pct_change]" time="0.003" /><testcase classname="pandas.tests.apply.test_frame_transform" name="test_transform_bad_dtype[DataFrame-rank]" time="0.002" /><testcase classname="pandas.tests.apply.test_frame_transform" name="test_transform_bad_dtype[DataFrame-&lt;lambda&gt;]" time="0.002" /><testcase classname="pandas.tests.apply.test_frame_transform" name="test_transform_bad_dtype[Series-cummax]" time="0.001" /><testcase classname="pandas.tests.apply.test_frame_transform" name="test_transform_bad_dtype[Series-cummin]" time="0.001" /><testcase classname="pandas.tests.apply.test_frame_transform" name="test_transform_bad_dtype[Series-cumprod]" time="0.001" /><testcase classname="pandas.tests.apply.test_frame_transform" name="test_transform_bad_dtype[Series-cumsum]" time="0.001" /><testcase classname="pandas.tests.apply.test_frame_transform" name="test_transform_bad_dtype[Series-diff]" time="0.001" /><testcase classname="pandas.tests.apply.test_frame_transform" name="test_transform_bad_dtype[Series-ngroup]" time="0.001"><skipped type="pytest.xfail" message="ngroup not valid for NDFrame" /></testcase><testcase classname="pandas.tests.apply.test_frame_transform" name="test_transform_bad_dtype[Series-pct_change]" time="0.003" /><testcase classname="pandas.tests.apply.test_frame_transform" name="test_transform_bad_dtype[Series-rank]" time="0.002" /><testcase classname="pandas.tests.apply.test_frame_transform" name="test_transform_bad_dtype[Series-&lt;lambda&gt;]" time="0.002" /><testcase classname="pandas.tests.apply.test_frame_transform" name="test_transform_failure_typeerror[cummax]" time="0.002" /><testcase classname="pandas.tests.apply.test_frame_transform" name="test_transform_failure_typeerror[cummin]" time="0.002" /><testcase classname="pandas.tests.apply.test_frame_transform" name="test_transform_failure_typeerror[cumprod]" time="0.002" /><testcase classname="pandas.tests.apply.test_frame_transform" name="test_transform_failure_typeerror[cumsum]" time="0.002" /><testcase classname="pandas.tests.apply.test_frame_transform" name="test_transform_failure_typeerror[diff]" time="0.002" /><testcase classname="pandas.tests.apply.test_frame_transform" name="test_transform_failure_typeerror[ngroup]" time="0.001"><skipped type="pytest.xfail" message="ngroup not valid for NDFrame" /></testcase><testcase classname="pandas.tests.apply.test_frame_transform" name="test_transform_failure_typeerror[pct_change]" time="0.003" /><testcase classname="pandas.tests.apply.test_frame_transform" name="test_transform_failure_typeerror[rank]" time="0.002" /><testcase classname="pandas.tests.apply.test_frame_transform" name="test_transform_failure_valueerror" time="0.002" /><testcase classname="pandas.tests.apply.test_frame_transform" name="test_transform_passes_args[DataFrame-True]" time="0.001" /><testcase classname="pandas.tests.apply.test_frame_transform" name="test_transform_passes_args[DataFrame-False]" time="0.001" /><testcase classname="pandas.tests.apply.test_frame_transform" name="test_transform_passes_args[Series-True]" time="0.001" /><testcase classname="pandas.tests.apply.test_frame_transform" name="test_transform_passes_args[Series-False]" time="0.001" /><testcase classname="pandas.tests.apply.test_frame_transform" name="test_transform_empty_dataframe" time="0.002" /><testcase classname="pandas.tests.apply.test_invalid_arg" name="test_result_type_error[foo]" time="0.001" /><testcase classname="pandas.tests.apply.test_invalid_arg" name="test_result_type_error[1]" time="0.001" /><testcase classname="pandas.tests.apply.test_invalid_arg" name="test_apply_invalid_axis_value" time="0.001" /><testcase classname="pandas.tests.apply.test_invalid_arg" name="test_agg_raises" time="0.001" /><testcase classname="pandas.tests.apply.test_invalid_arg" name="test_map_with_invalid_na_action_raises" time="0.001" /><testcase classname="pandas.tests.apply.test_invalid_arg" name="test_map_arg_is_dict_with_invalid_na_action_raises[____]" time="0.001" /><testcase classname="pandas.tests.apply.test_invalid_arg" name="test_map_arg_is_dict_with_invalid_na_action_raises[True]" time="0.001" /><testcase classname="pandas.tests.apply.test_invalid_arg" name="test_nested_renamer[DataFrame-func0-apply]" time="0.001" /><testcase classname="pandas.tests.apply.test_invalid_arg" name="test_nested_renamer[DataFrame-func0-agg]" time="0.001" /><testcase classname="pandas.tests.apply.test_invalid_arg" name="test_nested_renamer[DataFrame-func0-transform]" time="0.001" /><testcase classname="pandas.tests.apply.test_invalid_arg" name="test_nested_renamer[DataFrame-func1-apply]" time="0.001" /><testcase classname="pandas.tests.apply.test_invalid_arg" name="test_nested_renamer[DataFrame-func1-agg]" time="0.001" /><testcase classname="pandas.tests.apply.test_invalid_arg" name="test_nested_renamer[DataFrame-func1-transform]" time="0.001" /><testcase classname="pandas.tests.apply.test_invalid_arg" name="test_nested_renamer[Series-func0-apply]" time="0.001" /><testcase classname="pandas.tests.apply.test_invalid_arg" name="test_nested_renamer[Series-func0-agg]" time="0.001" /><testcase classname="pandas.tests.apply.test_invalid_arg" name="test_nested_renamer[Series-func0-transform]" time="0.001" /><testcase classname="pandas.tests.apply.test_invalid_arg" name="test_nested_renamer[Series-func1-apply]" time="0.001" /><testcase classname="pandas.tests.apply.test_invalid_arg" name="test_nested_renamer[Series-func1-agg]" time="0.001" /><testcase classname="pandas.tests.apply.test_invalid_arg" name="test_nested_renamer[Series-func1-transform]" time="0.001" /><testcase classname="pandas.tests.apply.test_invalid_arg" name="test_series_nested_renamer[renamer0]" time="0.001" /><testcase classname="pandas.tests.apply.test_invalid_arg" name="test_series_nested_renamer[renamer1]" time="0.001" /><testcase classname="pandas.tests.apply.test_invalid_arg" name="test_apply_dict_depr" time="0.001" /><testcase classname="pandas.tests.apply.test_invalid_arg" name="test_dict_nested_renaming_depr[agg]" time="0.001" /><testcase classname="pandas.tests.apply.test_invalid_arg" name="test_dict_nested_renaming_depr[transform]" time="0.001" /><testcase classname="pandas.tests.apply.test_invalid_arg" name="test_missing_column[func0-apply]" time="0.001" /><testcase classname="pandas.tests.apply.test_invalid_arg" name="test_missing_column[func0-agg]" time="0.001" /><testcase classname="pandas.tests.apply.test_invalid_arg" name="test_missing_column[func0-transform]" time="0.001" /><testcase classname="pandas.tests.apply.test_invalid_arg" name="test_missing_column[func1-apply]" time="0.001" /><testcase classname="pandas.tests.apply.test_invalid_arg" name="test_missing_column[func1-agg]" time="0.001" /><testcase classname="pandas.tests.apply.test_invalid_arg" name="test_missing_column[func1-transform]" time="0.001" /><testcase classname="pandas.tests.apply.test_invalid_arg" name="test_transform_mixed_column_name_dtypes" time="0.001" /><testcase classname="pandas.tests.apply.test_invalid_arg" name="test_apply_str_axis_1_raises[pct_change-args0]" time="0.001" /><testcase classname="pandas.tests.apply.test_invalid_arg" name="test_apply_str_axis_1_raises[nsmallest-args1]" time="0.001" /><testcase classname="pandas.tests.apply.test_invalid_arg" name="test_apply_str_axis_1_raises[tail-1]" time="0.001" /><testcase classname="pandas.tests.apply.test_invalid_arg" name="test_transform_axis_1_raises" time="0.001" /><testcase classname="pandas.tests.apply.test_invalid_arg" name="test_apply_modify_traceback" time="0.002" /><testcase classname="pandas.tests.apply.test_invalid_arg" name="test_agg_cython_table_raises_frame[axis=0-df0-cumprod-TypeError]" time="0.001" /><testcase classname="pandas.tests.apply.test_invalid_arg" name="test_agg_cython_table_raises_frame[axis=0-df1-cumprod-TypeError]" time="0.001" /><testcase classname="pandas.tests.apply.test_invalid_arg" name="test_agg_cython_table_raises_frame[axis=0-df2-nancumprod-TypeError]" time="0.001" /><testcase classname="pandas.tests.apply.test_invalid_arg" name="test_agg_cython_table_raises_frame[axis=1-df0-cumprod-TypeError]" time="0.001" /><testcase classname="pandas.tests.apply.test_invalid_arg" name="test_agg_cython_table_raises_frame[axis=1-df1-cumprod-TypeError]" time="0.001" /><testcase classname="pandas.tests.apply.test_invalid_arg" name="test_agg_cython_table_raises_frame[axis=1-df2-nancumprod-TypeError]" time="0.001" /><testcase classname="pandas.tests.apply.test_invalid_arg" name="test_agg_cython_table_raises_frame[axis='index'-df0-cumprod-TypeError]" time="0.001" /><testcase classname="pandas.tests.apply.test_invalid_arg" name="test_agg_cython_table_raises_frame[axis='index'-df1-cumprod-TypeError]" time="0.001" /><testcase classname="pandas.tests.apply.test_invalid_arg" name="test_agg_cython_table_raises_frame[axis='index'-df2-nancumprod-TypeError]" time="0.001" /><testcase classname="pandas.tests.apply.test_invalid_arg" name="test_agg_cython_table_raises_frame[axis='columns'-df0-cumprod-TypeError]" time="0.001" /><testcase classname="pandas.tests.apply.test_invalid_arg" name="test_agg_cython_table_raises_frame[axis='columns'-df1-cumprod-TypeError]" time="0.001" /><testcase classname="pandas.tests.apply.test_invalid_arg" name="test_agg_cython_table_raises_frame[axis='columns'-df2-nancumprod-TypeError]" time="0.001" /><testcase classname="pandas.tests.apply.test_invalid_arg" name="test_agg_cython_table_raises_series[series0-mean-TypeError]" time="0.001" /><testcase classname="pandas.tests.apply.test_invalid_arg" name="test_agg_cython_table_raises_series[series1-mean-TypeError]" time="0.001" /><testcase classname="pandas.tests.apply.test_invalid_arg" name="test_agg_cython_table_raises_series[series2-nanmean-TypeError]" time="0.001" /><testcase classname="pandas.tests.apply.test_invalid_arg" name="test_agg_cython_table_raises_series[series3-prod-TypeError]" time="0.001" /><testcase classname="pandas.tests.apply.test_invalid_arg" name="test_agg_cython_table_raises_series[series4-prod-TypeError]" time="0.001" /><testcase classname="pandas.tests.apply.test_invalid_arg" name="test_agg_cython_table_raises_series[series5-nanprod-TypeError]" time="0.001" /><testcase classname="pandas.tests.apply.test_invalid_arg" name="test_agg_cython_table_raises_series[series6-std-TypeError]" time="0.001" /><testcase classname="pandas.tests.apply.test_invalid_arg" name="test_agg_cython_table_raises_series[series7-std-TypeError]" time="0.001" /><testcase classname="pandas.tests.apply.test_invalid_arg" name="test_agg_cython_table_raises_series[series8-nanstd-TypeError]" time="0.001" /><testcase classname="pandas.tests.apply.test_invalid_arg" name="test_agg_cython_table_raises_series[series9-var-TypeError]" time="0.001" /><testcase classname="pandas.tests.apply.test_invalid_arg" name="test_agg_cython_table_raises_series[series10-var-TypeError]" time="0.001" /><testcase classname="pandas.tests.apply.test_invalid_arg" name="test_agg_cython_table_raises_series[series11-nanvar-TypeError]" time="0.001" /><testcase classname="pandas.tests.apply.test_invalid_arg" name="test_agg_cython_table_raises_series[series12-median-TypeError]" time="0.001" /><testcase classname="pandas.tests.apply.test_invalid_arg" name="test_agg_cython_table_raises_series[series13-median-TypeError]" time="0.001" /><testcase classname="pandas.tests.apply.test_invalid_arg" name="test_agg_cython_table_raises_series[series14-nanmedian-TypeError]" time="0.001" /><testcase classname="pandas.tests.apply.test_invalid_arg" name="test_agg_cython_table_raises_series[series15-cumprod-TypeError]" time="0.001" /><testcase classname="pandas.tests.apply.test_invalid_arg" name="test_agg_cython_table_raises_series[series16-cumprod-TypeError]" time="0.001" /><testcase classname="pandas.tests.apply.test_invalid_arg" name="test_agg_cython_table_raises_series[series17-nancumprod-TypeError]" time="0.001" /><testcase classname="pandas.tests.apply.test_invalid_arg" name="test_agg_none_to_type" time="0.001" /><testcase classname="pandas.tests.apply.test_invalid_arg" name="test_transform_none_to_type" time="0.001" /><testcase classname="pandas.tests.apply.test_invalid_arg" name="test_apply_broadcast_error[&lt;lambda&gt;0]" time="0.001" /><testcase classname="pandas.tests.apply.test_invalid_arg" name="test_apply_broadcast_error[&lt;lambda&gt;1]" time="0.001" /><testcase classname="pandas.tests.apply.test_invalid_arg" name="test_apply_broadcast_error[&lt;lambda&gt;2]" time="0.001" /><testcase classname="pandas.tests.apply.test_invalid_arg" name="test_transform_and_agg_err_agg[axis=0]" time="0.002" /><testcase classname="pandas.tests.apply.test_invalid_arg" name="test_transform_and_agg_err_agg[axis=1]" time="0.002" /><testcase classname="pandas.tests.apply.test_invalid_arg" name="test_transform_and_agg_err_agg[axis='index']" time="0.002" /><testcase classname="pandas.tests.apply.test_invalid_arg" name="test_transform_and_agg_err_agg[axis='columns']" time="0.002" /><testcase classname="pandas.tests.apply.test_invalid_arg" name="test_transform_and_agg_err_series[func0-cannot combine transform and aggregation]" time="0.002" /><testcase classname="pandas.tests.apply.test_invalid_arg" name="test_transform_and_agg_err_series[func1-cannot perform both aggregation and transformation]" time="0.001" /><testcase classname="pandas.tests.apply.test_invalid_arg" name="test_transform_wont_agg_frame[axis=0-func0]" time="0.002" /><testcase classname="pandas.tests.apply.test_invalid_arg" name="test_transform_wont_agg_frame[axis=0-func1]" time="0.001" /><testcase classname="pandas.tests.apply.test_invalid_arg" name="test_transform_wont_agg_frame[axis=1-func0]" time="0.002" /><testcase classname="pandas.tests.apply.test_invalid_arg" name="test_transform_wont_agg_frame[axis=1-func1]" time="0.002" /><testcase classname="pandas.tests.apply.test_invalid_arg" name="test_transform_wont_agg_frame[axis='index'-func0]" time="0.001" /><testcase classname="pandas.tests.apply.test_invalid_arg" name="test_transform_wont_agg_frame[axis='index'-func1]" time="0.001" /><testcase classname="pandas.tests.apply.test_invalid_arg" name="test_transform_wont_agg_frame[axis='columns'-func0]" time="0.002" /><testcase classname="pandas.tests.apply.test_invalid_arg" name="test_transform_wont_agg_frame[axis='columns'-func1]" time="0.001" /><testcase classname="pandas.tests.apply.test_invalid_arg" name="test_transform_wont_agg_series[func0]" time="0.001" /><testcase classname="pandas.tests.apply.test_invalid_arg" name="test_transform_wont_agg_series[func1]" time="0.001" /><testcase classname="pandas.tests.apply.test_invalid_arg" name="test_transform_reducer_raises[count-DataFrame-&lt;lambda&gt;0]" time="0.001" /><testcase classname="pandas.tests.apply.test_invalid_arg" name="test_transform_reducer_raises[count-DataFrame-&lt;lambda&gt;1]" time="0.001" /><testcase classname="pandas.tests.apply.test_invalid_arg" name="test_transform_reducer_raises[count-DataFrame-&lt;lambda&gt;2]" time="0.001" /><testcase classname="pandas.tests.apply.test_invalid_arg" name="test_transform_reducer_raises[count-DataFrame-&lt;lambda&gt;3]" time="0.001" /><testcase classname="pandas.tests.apply.test_invalid_arg" name="test_transform_reducer_raises[count-Series-&lt;lambda&gt;0]" time="0.001" /><testcase classname="pandas.tests.apply.test_invalid_arg" name="test_transform_reducer_raises[count-Series-&lt;lambda&gt;1]" time="0.001" /><testcase classname="pandas.tests.apply.test_invalid_arg" name="test_transform_reducer_raises[count-Series-&lt;lambda&gt;2]" time="0.001" /><testcase classname="pandas.tests.apply.test_invalid_arg" name="test_transform_reducer_raises[count-Series-&lt;lambda&gt;3]" time="0.001" /><testcase classname="pandas.tests.apply.test_invalid_arg" name="test_transform_reducer_raises[sum-DataFrame-&lt;lambda&gt;0]" time="0.001" /><testcase classname="pandas.tests.apply.test_invalid_arg" name="test_transform_reducer_raises[sum-DataFrame-&lt;lambda&gt;1]" time="0.001" /><testcase classname="pandas.tests.apply.test_invalid_arg" name="test_transform_reducer_raises[sum-DataFrame-&lt;lambda&gt;2]" time="0.001" /><testcase classname="pandas.tests.apply.test_invalid_arg" name="test_transform_reducer_raises[sum-DataFrame-&lt;lambda&gt;3]" time="0.001" /><testcase classname="pandas.tests.apply.test_invalid_arg" name="test_transform_reducer_raises[sum-Series-&lt;lambda&gt;0]" time="0.001" /><testcase classname="pandas.tests.apply.test_invalid_arg" name="test_transform_reducer_raises[sum-Series-&lt;lambda&gt;1]" time="0.001" /><testcase classname="pandas.tests.apply.test_invalid_arg" name="test_transform_reducer_raises[sum-Series-&lt;lambda&gt;2]" time="0.001" /><testcase classname="pandas.tests.apply.test_invalid_arg" name="test_transform_reducer_raises[sum-Series-&lt;lambda&gt;3]" time="0.001" /><testcase classname="pandas.tests.apply.test_invalid_arg" name="test_transform_reducer_raises[max-DataFrame-&lt;lambda&gt;0]" time="0.001" /><testcase classname="pandas.tests.apply.test_invalid_arg" name="test_transform_reducer_raises[max-DataFrame-&lt;lambda&gt;1]" time="0.001" /><testcase classname="pandas.tests.apply.test_invalid_arg" name="test_transform_reducer_raises[max-DataFrame-&lt;lambda&gt;2]" time="0.001" /><testcase classname="pandas.tests.apply.test_invalid_arg" name="test_transform_reducer_raises[max-DataFrame-&lt;lambda&gt;3]" time="0.001" /><testcase classname="pandas.tests.apply.test_invalid_arg" name="test_transform_reducer_raises[max-Series-&lt;lambda&gt;0]" time="0.001" /><testcase classname="pandas.tests.apply.test_invalid_arg" name="test_transform_reducer_raises[max-Series-&lt;lambda&gt;1]" time="0.001" /><testcase classname="pandas.tests.apply.test_invalid_arg" name="test_transform_reducer_raises[max-Series-&lt;lambda&gt;2]" time="0.001" /><testcase classname="pandas.tests.apply.test_invalid_arg" name="test_transform_reducer_raises[max-Series-&lt;lambda&gt;3]" time="0.001" /><testcase classname="pandas.tests.apply.test_invalid_arg" name="test_transform_reducer_raises[min-DataFrame-&lt;lambda&gt;0]" time="0.001" /><testcase classname="pandas.tests.apply.test_invalid_arg" name="test_transform_reducer_raises[min-DataFrame-&lt;lambda&gt;1]" time="0.001" /><testcase classname="pandas.tests.apply.test_invalid_arg" name="test_transform_reducer_raises[min-DataFrame-&lt;lambda&gt;2]" time="0.001" /><testcase classname="pandas.tests.apply.test_invalid_arg" name="test_transform_reducer_raises[min-DataFrame-&lt;lambda&gt;3]" time="0.001" /><testcase classname="pandas.tests.apply.test_invalid_arg" name="test_transform_reducer_raises[min-Series-&lt;lambda&gt;0]" time="0.001" /><testcase classname="pandas.tests.apply.test_invalid_arg" name="test_transform_reducer_raises[min-Series-&lt;lambda&gt;1]" time="0.001" /><testcase classname="pandas.tests.apply.test_invalid_arg" name="test_transform_reducer_raises[min-Series-&lt;lambda&gt;2]" time="0.001" /><testcase classname="pandas.tests.apply.test_invalid_arg" name="test_transform_reducer_raises[min-Series-&lt;lambda&gt;3]" time="0.001" /><testcase classname="pandas.tests.apply.test_invalid_arg" name="test_transform_reducer_raises[mean-DataFrame-&lt;lambda&gt;0]" time="0.001" /><testcase classname="pandas.tests.apply.test_invalid_arg" name="test_transform_reducer_raises[mean-DataFrame-&lt;lambda&gt;1]" time="0.001" /><testcase classname="pandas.tests.apply.test_invalid_arg" name="test_transform_reducer_raises[mean-DataFrame-&lt;lambda&gt;2]" time="0.001" /><testcase classname="pandas.tests.apply.test_invalid_arg" name="test_transform_reducer_raises[mean-DataFrame-&lt;lambda&gt;3]" time="0.001" /><testcase classname="pandas.tests.apply.test_invalid_arg" name="test_transform_reducer_raises[mean-Series-&lt;lambda&gt;0]" time="0.001" /><testcase classname="pandas.tests.apply.test_invalid_arg" name="test_transform_reducer_raises[mean-Series-&lt;lambda&gt;1]" time="0.001" /><testcase classname="pandas.tests.apply.test_invalid_arg" name="test_transform_reducer_raises[mean-Series-&lt;lambda&gt;2]" time="0.001" /><testcase classname="pandas.tests.apply.test_invalid_arg" name="test_transform_reducer_raises[mean-Series-&lt;lambda&gt;3]" time="0.001" /><testcase classname="pandas.tests.apply.test_invalid_arg" name="test_transform_reducer_raises[prod-DataFrame-&lt;lambda&gt;0]" time="0.001" /><testcase classname="pandas.tests.apply.test_invalid_arg" name="test_transform_reducer_raises[prod-DataFrame-&lt;lambda&gt;1]" time="0.001" /><testcase classname="pandas.tests.apply.test_invalid_arg" name="test_transform_reducer_raises[prod-DataFrame-&lt;lambda&gt;2]" time="0.001" /><testcase classname="pandas.tests.apply.test_invalid_arg" name="test_transform_reducer_raises[prod-DataFrame-&lt;lambda&gt;3]" time="0.001" /><testcase classname="pandas.tests.apply.test_invalid_arg" name="test_transform_reducer_raises[prod-Series-&lt;lambda&gt;0]" time="0.001" /><testcase classname="pandas.tests.apply.test_invalid_arg" name="test_transform_reducer_raises[prod-Series-&lt;lambda&gt;1]" time="0.001" /><testcase classname="pandas.tests.apply.test_invalid_arg" name="test_transform_reducer_raises[prod-Series-&lt;lambda&gt;2]" time="0.001" /><testcase classname="pandas.tests.apply.test_invalid_arg" name="test_transform_reducer_raises[prod-Series-&lt;lambda&gt;3]" time="0.001" /><testcase classname="pandas.tests.apply.test_invalid_arg" name="test_transform_reducer_raises[std-DataFrame-&lt;lambda&gt;0]" time="0.001" /><testcase classname="pandas.tests.apply.test_invalid_arg" name="test_transform_reducer_raises[std-DataFrame-&lt;lambda&gt;1]" time="0.001" /><testcase classname="pandas.tests.apply.test_invalid_arg" name="test_transform_reducer_raises[std-DataFrame-&lt;lambda&gt;2]" time="0.001" /><testcase classname="pandas.tests.apply.test_invalid_arg" name="test_transform_reducer_raises[std-DataFrame-&lt;lambda&gt;3]" time="0.001" /><testcase classname="pandas.tests.apply.test_invalid_arg" name="test_transform_reducer_raises[std-Series-&lt;lambda&gt;0]" time="0.001" /><testcase classname="pandas.tests.apply.test_invalid_arg" name="test_transform_reducer_raises[std-Series-&lt;lambda&gt;1]" time="0.001" /><testcase classname="pandas.tests.apply.test_invalid_arg" name="test_transform_reducer_raises[std-Series-&lt;lambda&gt;2]" time="0.001" /><testcase classname="pandas.tests.apply.test_invalid_arg" name="test_transform_reducer_raises[std-Series-&lt;lambda&gt;3]" time="0.001" /><testcase classname="pandas.tests.apply.test_invalid_arg" name="test_transform_reducer_raises[var-DataFrame-&lt;lambda&gt;0]" time="0.001" /><testcase classname="pandas.tests.apply.test_invalid_arg" name="test_transform_reducer_raises[var-DataFrame-&lt;lambda&gt;1]" time="0.001" /><testcase classname="pandas.tests.apply.test_invalid_arg" name="test_transform_reducer_raises[var-DataFrame-&lt;lambda&gt;2]" time="0.001" /><testcase classname="pandas.tests.apply.test_invalid_arg" name="test_transform_reducer_raises[var-DataFrame-&lt;lambda&gt;3]" time="0.001" /><testcase classname="pandas.tests.apply.test_invalid_arg" name="test_transform_reducer_raises[var-Series-&lt;lambda&gt;0]" time="0.001" /><testcase classname="pandas.tests.apply.test_invalid_arg" name="test_transform_reducer_raises[var-Series-&lt;lambda&gt;1]" time="0.001" /><testcase classname="pandas.tests.apply.test_invalid_arg" name="test_transform_reducer_raises[var-Series-&lt;lambda&gt;2]" time="0.001" /><testcase classname="pandas.tests.apply.test_invalid_arg" name="test_transform_reducer_raises[var-Series-&lt;lambda&gt;3]" time="0.002" /><testcase classname="pandas.tests.apply.test_invalid_arg" name="test_transform_reducer_raises[median-DataFrame-&lt;lambda&gt;0]" time="0.001" /><testcase classname="pandas.tests.apply.test_invalid_arg" name="test_transform_reducer_raises[median-DataFrame-&lt;lambda&gt;1]" time="0.001" /><testcase classname="pandas.tests.apply.test_invalid_arg" name="test_transform_reducer_raises[median-DataFrame-&lt;lambda&gt;2]" time="0.001" /><testcase classname="pandas.tests.apply.test_invalid_arg" name="test_transform_reducer_raises[median-DataFrame-&lt;lambda&gt;3]" time="0.001" /><testcase classname="pandas.tests.apply.test_invalid_arg" name="test_transform_reducer_raises[median-Series-&lt;lambda&gt;0]" time="0.001" /><testcase classname="pandas.tests.apply.test_invalid_arg" name="test_transform_reducer_raises[median-Series-&lt;lambda&gt;1]" time="0.001" /><testcase classname="pandas.tests.apply.test_invalid_arg" name="test_transform_reducer_raises[median-Series-&lt;lambda&gt;2]" time="0.001" /><testcase classname="pandas.tests.apply.test_invalid_arg" name="test_transform_reducer_raises[median-Series-&lt;lambda&gt;3]" time="0.001" /><testcase classname="pandas.tests.apply.test_invalid_arg" name="test_transform_reducer_raises[kurt-DataFrame-&lt;lambda&gt;0]" time="0.001" /><testcase classname="pandas.tests.apply.test_invalid_arg" name="test_transform_reducer_raises[kurt-DataFrame-&lt;lambda&gt;1]" time="0.001" /><testcase classname="pandas.tests.apply.test_invalid_arg" name="test_transform_reducer_raises[kurt-DataFrame-&lt;lambda&gt;2]" time="0.001" /><testcase classname="pandas.tests.apply.test_invalid_arg" name="test_transform_reducer_raises[kurt-DataFrame-&lt;lambda&gt;3]" time="0.001" /><testcase classname="pandas.tests.apply.test_invalid_arg" name="test_transform_reducer_raises[kurt-Series-&lt;lambda&gt;0]" time="0.001" /><testcase classname="pandas.tests.apply.test_invalid_arg" name="test_transform_reducer_raises[kurt-Series-&lt;lambda&gt;1]" time="0.001" /><testcase classname="pandas.tests.apply.test_invalid_arg" name="test_transform_reducer_raises[kurt-Series-&lt;lambda&gt;2]" time="0.001" /><testcase classname="pandas.tests.apply.test_invalid_arg" name="test_transform_reducer_raises[kurt-Series-&lt;lambda&gt;3]" time="0.001" /><testcase classname="pandas.tests.apply.test_invalid_arg" name="test_transform_reducer_raises[skew-DataFrame-&lt;lambda&gt;0]" time="0.001" /><testcase classname="pandas.tests.apply.test_invalid_arg" name="test_transform_reducer_raises[skew-DataFrame-&lt;lambda&gt;1]" time="0.001" /><testcase classname="pandas.tests.apply.test_invalid_arg" name="test_transform_reducer_raises[skew-DataFrame-&lt;lambda&gt;2]" time="0.001" /><testcase classname="pandas.tests.apply.test_invalid_arg" name="test_transform_reducer_raises[skew-DataFrame-&lt;lambda&gt;3]" time="0.001" /><testcase classname="pandas.tests.apply.test_invalid_arg" name="test_transform_reducer_raises[skew-Series-&lt;lambda&gt;0]" time="0.001" /><testcase classname="pandas.tests.apply.test_invalid_arg" name="test_transform_reducer_raises[skew-Series-&lt;lambda&gt;1]" time="0.001" /><testcase classname="pandas.tests.apply.test_invalid_arg" name="test_transform_reducer_raises[skew-Series-&lt;lambda&gt;2]" time="0.001" /><testcase classname="pandas.tests.apply.test_invalid_arg" name="test_transform_reducer_raises[skew-Series-&lt;lambda&gt;3]" time="0.001" /><testcase classname="pandas.tests.apply.test_invalid_arg" name="test_transform_reducer_raises[sem-DataFrame-&lt;lambda&gt;0]" time="0.001" /><testcase classname="pandas.tests.apply.test_invalid_arg" name="test_transform_reducer_raises[sem-DataFrame-&lt;lambda&gt;1]" time="0.001" /><testcase classname="pandas.tests.apply.test_invalid_arg" name="test_transform_reducer_raises[sem-DataFrame-&lt;lambda&gt;2]" time="0.001" /><testcase classname="pandas.tests.apply.test_invalid_arg" name="test_transform_reducer_raises[sem-DataFrame-&lt;lambda&gt;3]" time="0.001" /><testcase classname="pandas.tests.apply.test_invalid_arg" name="test_transform_reducer_raises[sem-Series-&lt;lambda&gt;0]" time="0.001" /><testcase classname="pandas.tests.apply.test_invalid_arg" name="test_transform_reducer_raises[sem-Series-&lt;lambda&gt;1]" time="0.001" /><testcase classname="pandas.tests.apply.test_invalid_arg" name="test_transform_reducer_raises[sem-Series-&lt;lambda&gt;2]" time="0.001" /><testcase classname="pandas.tests.apply.test_invalid_arg" name="test_transform_reducer_raises[sem-Series-&lt;lambda&gt;3]" time="0.001" /><testcase classname="pandas.tests.apply.test_invalid_arg" name="test_transform_reducer_raises[all-DataFrame-&lt;lambda&gt;0]" time="0.001" /><testcase classname="pandas.tests.apply.test_invalid_arg" name="test_transform_reducer_raises[all-DataFrame-&lt;lambda&gt;1]" time="0.001" /><testcase classname="pandas.tests.apply.test_invalid_arg" name="test_transform_reducer_raises[all-DataFrame-&lt;lambda&gt;2]" time="0.001" /><testcase classname="pandas.tests.apply.test_invalid_arg" name="test_transform_reducer_raises[all-DataFrame-&lt;lambda&gt;3]" time="0.001" /><testcase classname="pandas.tests.apply.test_invalid_arg" name="test_transform_reducer_raises[all-Series-&lt;lambda&gt;0]" time="0.001" /><testcase classname="pandas.tests.apply.test_invalid_arg" name="test_transform_reducer_raises[all-Series-&lt;lambda&gt;1]" time="0.001" /><testcase classname="pandas.tests.apply.test_invalid_arg" name="test_transform_reducer_raises[all-Series-&lt;lambda&gt;2]" time="0.001" /><testcase classname="pandas.tests.apply.test_invalid_arg" name="test_transform_reducer_raises[all-Series-&lt;lambda&gt;3]" time="0.001" /><testcase classname="pandas.tests.apply.test_invalid_arg" name="test_transform_reducer_raises[any-DataFrame-&lt;lambda&gt;0]" time="0.001" /><testcase classname="pandas.tests.apply.test_invalid_arg" name="test_transform_reducer_raises[any-DataFrame-&lt;lambda&gt;1]" time="0.001" /><testcase classname="pandas.tests.apply.test_invalid_arg" name="test_transform_reducer_raises[any-DataFrame-&lt;lambda&gt;2]" time="0.001" /><testcase classname="pandas.tests.apply.test_invalid_arg" name="test_transform_reducer_raises[any-DataFrame-&lt;lambda&gt;3]" time="0.001" /><testcase classname="pandas.tests.apply.test_invalid_arg" name="test_transform_reducer_raises[any-Series-&lt;lambda&gt;0]" time="0.001" /><testcase classname="pandas.tests.apply.test_invalid_arg" name="test_transform_reducer_raises[any-Series-&lt;lambda&gt;1]" time="0.001" /><testcase classname="pandas.tests.apply.test_invalid_arg" name="test_transform_reducer_raises[any-Series-&lt;lambda&gt;2]" time="0.001" /><testcase classname="pandas.tests.apply.test_invalid_arg" name="test_transform_reducer_raises[any-Series-&lt;lambda&gt;3]" time="0.001" /><testcase classname="pandas.tests.apply.test_numba" name="test_numba_vs_python_noop[0]" time="1.387" /><testcase classname="pandas.tests.apply.test_numba" name="test_numba_vs_python_noop[1]" time="0.909" /><testcase classname="pandas.tests.apply.test_numba" name="test_numba_vs_python_string_index" time="0.897" /><testcase classname="pandas.tests.apply.test_numba" name="test_numba_vs_python_indexing" time="3.304" /><testcase classname="pandas.tests.apply.test_numba" name="test_numba_vs_python_reductions[0-&lt;lambda&gt;0]" time="0.492" /><testcase classname="pandas.tests.apply.test_numba" name="test_numba_vs_python_reductions[0-&lt;lambda&gt;1]" time="0.632" /><testcase classname="pandas.tests.apply.test_numba" name="test_numba_vs_python_reductions[0-&lt;lambda&gt;2]" time="0.447" /><testcase classname="pandas.tests.apply.test_numba" name="test_numba_vs_python_reductions[0-&lt;lambda&gt;3]" time="0.348" /><testcase classname="pandas.tests.apply.test_numba" name="test_numba_vs_python_reductions[1-&lt;lambda&gt;0]" time="0.215" /><testcase classname="pandas.tests.apply.test_numba" name="test_numba_vs_python_reductions[1-&lt;lambda&gt;1]" time="0.222" /><testcase classname="pandas.tests.apply.test_numba" name="test_numba_vs_python_reductions[1-&lt;lambda&gt;2]" time="0.215" /><testcase classname="pandas.tests.apply.test_numba" name="test_numba_vs_python_reductions[1-&lt;lambda&gt;3]" time="0.210" /><testcase classname="pandas.tests.apply.test_numba" name="test_numba_numeric_colnames[colnames0]" time="1.145" /><testcase classname="pandas.tests.apply.test_numba" name="test_numba_numeric_colnames[colnames1]" time="1.140" /><testcase classname="pandas.tests.apply.test_numba" name="test_numba_parallel_unsupported" time="0.002" /><testcase classname="pandas.tests.apply.test_numba" name="test_numba_nonunique_unsupported[0]" time="0.001" /><testcase classname="pandas.tests.apply.test_numba" name="test_numba_nonunique_unsupported[1]" time="0.001" /><testcase classname="pandas.tests.apply.test_numba" name="test_numba_unsupported_dtypes[0]" time="0.002"><failure message="ImportError: pyarrow requires pandas 1.0.0 or above, pandas 0+untagged.34439.g8b313d3 is installed">apply_axis = 0

    def test_numba_unsupported_dtypes(apply_axis):
        f = lambda x: x
        df = DataFrame({"a": [1, 2], "b": ["a", "b"], "c": [4, 5]})
&gt;       df["c"] = df["c"].astype("double[pyarrow]")

tests/apply/test_numba.py:105:
_ _ _ _ _ _ _ _ _ _ _ _ _ _ _ _ _ _ _ _ _ _ _ _ _ _ _ _ _ _ _ _ _ _ _ _ _ _ _ _
core/generic.py:6311: in astype
    new_data = self._mgr.astype(dtype=dtype, errors=errors)
core/internals/managers.py:599: in astype
    return self.apply("astype", dtype=dtype, errors=errors)
core/internals/managers.py:441: in apply
    applied = getattr(b, f)(**kwargs)
core/internals/blocks.py:623: in astype
    if astype_is_view(values.dtype, new_values.dtype):
core/dtypes/astype.py:271: in astype_is_view
    elif is_string_dtype(dtype) and is_string_dtype(new_dtype):
core/dtypes/common.py:579: in is_string_dtype
    return _is_dtype(arr_or_dtype, condition)
core/dtypes/common.py:1399: in _is_dtype
    return condition(dtype)
core/dtypes/common.py:572: in condition
    if is_string_or_object_np_dtype(dtype):
core/dtypes/common.py:532: in is_string_or_object_np_dtype
    return dtype == object or dtype.kind in "SU"
properties.pyx:36: in pandas._libs.properties.CachedProperty.__get__
    ???
core/dtypes/dtypes.py:2206: in kind
    return self.numpy_dtype.kind
properties.pyx:36: in pandas._libs.properties.CachedProperty.__get__
    ???
core/dtypes/dtypes.py:2197: in numpy_dtype
    return np.dtype(self.pyarrow_dtype.to_pandas_dtype())
pyarrow/types.pxi:326: in pyarrow.lib.DataType.to_pandas_dtype
    ???
pyarrow/types.pxi:153: in pyarrow.lib._to_pandas_dtype
    ???
pyarrow/pandas-shim.pxi:158: in pyarrow.lib._PandasAPIShim.is_v1
    ???
pyarrow/pandas-shim.pxi:100: in pyarrow.lib._PandasAPIShim._check_import
    ???
_ _ _ _ _ _ _ _ _ _ _ _ _ _ _ _ _ _ _ _ _ _ _ _ _ _ _ _ _ _ _ _ _ _ _ _ _ _ _ _

&gt;   ???
E   ImportError: pyarrow requires pandas 1.0.0 or above, pandas 0+untagged.34439.g8b313d3 is installed

pyarrow/pandas-shim.pxi:67: ImportError</failure></testcase><testcase classname="pandas.tests.apply.test_numba" name="test_numba_unsupported_dtypes[1]" time="0.002"><failure message="ImportError: pyarrow requires pandas 1.0.0 or above, pandas 0+untagged.34439.g8b313d3 is installed">apply_axis = 1

    def test_numba_unsupported_dtypes(apply_axis):
        f = lambda x: x
        df = DataFrame({"a": [1, 2], "b": ["a", "b"], "c": [4, 5]})
&gt;       df["c"] = df["c"].astype("double[pyarrow]")

tests/apply/test_numba.py:105:
_ _ _ _ _ _ _ _ _ _ _ _ _ _ _ _ _ _ _ _ _ _ _ _ _ _ _ _ _ _ _ _ _ _ _ _ _ _ _ _
core/generic.py:6311: in astype
    new_data = self._mgr.astype(dtype=dtype, errors=errors)
core/internals/managers.py:599: in astype
[...]
:15'-Series-4.0]" time="0.002" /><testcase classname="pandas.tests.arithmetic.test_datetime64.TestDatetime64ArrayLikeComparisons" name="test_dt64arr_cmp_scalar_invalid['-02:15'-Series-other4]" time="0.002" /><testcase classname="pandas.tests.arithmetic.test_datetime64.TestDatetime64ArrayLikeComparisons" name="test_dt64arr_cmp_scalar_invalid['-02:15'-Series-other5]" time="0.002" /><testcase classname="pandas.tests.arithmetic.test_datetime64.TestDatetime64ArrayLikeComparisons" name="test_dt64arr_cmp_scalar_invalid['-02:15'-Series-other6]" time="0.002" /><testcase classname="pandas.tests.arithmetic.test_datetime64.TestDatetime64ArrayLikeComparisons" name="test_dt64arr_cmp_scalar_invalid['-02:15'-Series-None]" time="0.002" /><testcase classname="pandas.tests.arithmetic.test_datetime64.TestDatetime64ArrayLikeComparisons" name="test_dt64arr_cmp_scalar_invalid['-02:15'-Series-nan]" time="0.002" /><testcase classname="pandas.tests.arithmetic.test_datetime64.TestDatetime64ArrayLikeComparisons" name="test_dt64arr_cmp_scalar_invalid['-02:15'-DataFrame-foo]" time="0.005" /><testcase classname="pandas.tests.arithmetic.test_datetime64.TestDatetime64ArrayLikeComparisons" name="test_dt64arr_cmp_scalar_invalid['-02:15'-DataFrame--1]" time="0.004" /><testcase classname="pandas.tests.arithmetic.test_datetime64.TestDatetime64ArrayLikeComparisons" name="test_dt64arr_cmp_scalar_invalid['-02:15'-DataFrame-99]" time="0.004" /><testcase classname="pandas.tests.arithmetic.test_datetime64.TestDatetime64ArrayLikeComparisons" name="test_dt64arr_cmp_scalar_invalid['-02:15'-DataFrame-4.0]" time="0.004" /><testcase classname="pandas.tests.arithmetic.test_datetime64.TestDatetime64ArrayLikeComparisons" name="test_dt64arr_cmp_scalar_invalid['-02:15'-DataFrame-other4]" time="0.004" /><testcase classname="pandas.tests.arithmetic.test_datetime64.TestDatetime64ArrayLikeComparisons" name="test_dt64arr_cmp_scalar_invalid['-02:15'-DataFrame-other5]" time="0.004" /><testcase classname="pandas.tests.arithmetic.test_datetime64.TestDatetime64ArrayLikeComparisons" name="test_dt64arr_cmp_scalar_invalid['-02:15'-DataFrame-other6]" time="0.004" /><testcase classname="pandas.tests.arithmetic.test_datetime64.TestDatetime64ArrayLikeComparisons" name="test_dt64arr_cmp_scalar_invalid['-02:15'-DataFrame-None]" time="0.004" /><testcase classname="pandas.tests.arithmetic.test_datetime64.TestDatetime64ArrayLikeComparisons" name="test_dt64arr_cmp_scalar_invalid['-02:15'-DataFrame-nan]" time="0.004" /><testcase classname="pandas.tests.arithmetic.test_datetime64.TestDatetime64ArrayLikeComparisons" name="test_dt64arr_cmp_scalar_invalid['-02:15'-array-foo]" time="0.002" /><testcase classname="pandas.tests.arithmetic.test_datetime64.TestDatetime64ArrayLikeComparisons" name="test_dt64arr_cmp_scalar_invalid['-02:15'-array--1]" time="0.001" /><testcase classname="pandas.tests.arithmetic.test_datetime64.TestDatetime64ArrayLikeComparisons" name="test_dt64arr_cmp_scalar_invalid['-02:15'-array-99]" time="0.001" /><testcase classname="pandas.tests.arithmetic.test_datetime64.TestDatetime64ArrayLikeComparisons" name="test_dt64arr_cmp_scalar_invalid['-02:15'-array-4.0]" time="0.001" /><testcase classname="pandas.tests.arithmetic.test_datetime64.TestDatetime64ArrayLikeComparisons" name="test_dt64arr_cmp_scalar_invalid['-02:15'-array-other4]" time="0.001" /><testcase classname="pandas.tests.arithmetic.test_datetime64.TestDatetime64ArrayLikeComparisons" name="test_dt64arr_cmp_scalar_invalid['-02:15'-array-other5]" time="0.001" /><testcase classname="pandas.tests.arithmetic.test_datetime64.TestDatetime64ArrayLikeComparisons" name="test_dt64arr_cmp_scalar_invalid['-02:15'-array-other6]" time="0.001" /><testcase classname="pandas.tests.arithmetic.test_datetime64.TestDatetime64ArrayLikeComparisons" name="test_dt64arr_cmp_scalar_invalid['-02:15'-array-None]" time="0.001" /><testcase classname="pandas.tests.arithmetic.test_datetime64.TestDatetime64ArrayLikeComparisons" name="test_dt64arr_cmp_scalar_invalid['-02:15'-array-nan]" time="0.001" /><testcase classname="pandas.tests.arithmetic.test_datetime64.TestDatetime64ArrayLikeComparisons" name="test_dt64arr_cmp_scalar_invalid['UTC+01:15'-Index-foo]" time="0.002" /><testcase classname="pandas.tests.arithmetic.test_datetime64.TestDatetime64ArrayLikeComparisons" name="test_dt64arr_cmp_scalar_invalid['UTC+01:15'-Index--1]" time="0.002" /><testcase classname="pandas.tests.arithmetic.test_datetime64.TestDatetime64ArrayLikeComparisons" name="test_dt64arr_cmp_scalar_invalid['UTC+01:15'-Index-99]" time="0.001" /><testcase classname="pandas.tests.arithmetic.test_datetime64.TestDatetime64ArrayLikeComparisons" name="test_dt64arr_cmp_scalar_invalid['UTC+01:15'-Index-4.0]" time="0.002" /><testcase classname="pandas.tests.arithmetic.test_datetime64.TestDatetime64ArrayLikeComparisons" name="test_dt64arr_cmp_scalar_invalid['UTC+01:15'-Index-other4]" time="0.001" /><testcase classname="pandas.tests.arithmetic.test_datetime64.TestDatetime64ArrayLikeComparisons" name="test_dt64arr_cmp_scalar_invalid['UTC+01:15'-Index-other5]" time="0.002" /><testcase classname="pandas.tests.arithmetic.test_datetime64.TestDatetime64ArrayLikeComparisons" name="test_dt64arr_cmp_scalar_invalid['UTC+01:15'-Index-other6]" time="0.002" /><testcase classname="pandas.tests.arithmetic.test_datetime64.TestDatetime64ArrayLikeComparisons" name="test_dt64arr_cmp_scalar_invalid['UTC+01:15'-Index-None]" time="0.001" /><testcase classname="pandas.tests.arithmetic.test_datetime64.TestDatetime64ArrayLikeComparisons" name="test_dt64arr_cmp_scalar_invalid['UTC+01:15'-Index-nan]" time="0.002" /><testcase classname="pandas.tests.arithmetic.test_datetime64.TestDatetime64ArrayLikeComparisons" name="test_dt64arr_cmp_scalar_invalid['UTC+01:15'-Series-foo]" time="0.003" /><testcase classname="pandas.tests.arithmetic.test_datetime64.TestDatetime64ArrayLikeComparisons" name="test_dt64arr_cmp_scalar_invalid['UTC+01:15'-Series--1]" time="0.002" /><testcase classname="pandas.tests.arithmetic.test_datetime64.TestDatetime64ArrayLikeComparisons" name="test_dt64arr_cmp_scalar_invalid['UTC+01:15'-Series-99]" time="0.002" /><testcase classname="pandas.tests.arithmetic.test_datetime64.TestDatetime64ArrayLikeComparisons" name="test_dt64arr_cmp_scalar_invalid['UTC+01:15'-Series-4.0]" time="0.002" /><testcase classname="pandas.tests.arithmetic.test_datetime64.TestDatetime64ArrayLikeComparisons" name="test_dt64arr_cmp_scalar_invalid['UTC+01:15'-Series-other4]" time="0.002" /><testcase classname="pandas.tests.arithmetic.test_datetime64.TestDatetime64ArrayLikeComparisons" name="test_dt64arr_cmp_scalar_invalid['UTC+01:15'-Series-other5]" time="0.002" /><testcase classname="pandas.tests.arithmetic.test_datetime64.TestDatetime64ArrayLikeComparisons" name="test_dt64arr_cmp_scalar_invalid['UTC+01:15'-Series-other6]" time="0.002" /><testcase classname="pandas.tests.arithmetic.test_datetime64.TestDatetime64ArrayLikeComparisons" name="test_dt64arr_cmp_scalar_invalid['UTC+01:15'-Series-None]" time="0.002" /><testcase classname="pandas.tests.arithmetic.test_datetime64.TestDatetime64ArrayLikeComparisons" name="test_dt64arr_cmp_scalar_invalid['UTC+01:15'-Series-nan]" time="0.002" /><testcase classname="pandas.tests.arithmetic.test_datetime64.TestDatetime64ArrayLikeComparisons" name="test_dt64arr_cmp_scalar_invalid['UTC+01:15'-DataFrame-foo]" time="0.005" /><testcase classname="pandas.tests.arithmetic.test_datetime64.TestDatetime64ArrayLikeComparisons" name="test_dt64arr_cmp_scalar_invalid['UTC+01:15'-DataFrame--1]" time="0.004" /><testcase classname="pandas.tests.arithmetic.test_datetime64.TestDatetime64ArrayLikeComparisons" name="test_dt64arr_cmp_scalar_invalid['UTC+01:15'-DataFrame-99]" time="0.004" /><testcase classname="pandas.tests.arithmetic.test_datetime64.TestDatetime64ArrayLikeComparisons" name="test_dt64arr_cmp_scalar_invalid['UTC+01:15'-DataFrame-4.0]" time="0.004" /><testcase classname="pandas.tests.arithmetic.test_datetime64.TestDatetime64ArrayLikeComparisons" name="test_dt64arr_cmp_scalar_invalid['UTC+01:15'-DataFrame-other4]" time="0.004" /><testcase classname="pandas.tests.arithmetic.test_datetime64.TestDatetime64ArrayLikeComparisons" name="test_dt64arr_cmp_scalar_invalid['UTC+01:15'-DataFrame-other5]" time="0.004" /><testcase classname="pandas.tests.arithmetic.test_datetime64.TestDatetime64ArrayLikeComparisons" name="test_dt64arr_cmp_scalar_invalid['UTC+01:15'-DataFrame-other6]" time="0.004" /><testcase classname="pandas.tests.arithmetic.test_datetime64.TestDatetime64ArrayLikeComparisons" name="test_dt64arr_cmp_scalar_invalid['UTC+01:15'-DataFrame-None]" time="0.004" /><testcase classname="pandas.tests.arithmetic.test_datetime64.TestDatetime64ArrayLikeComparisons" name="test_dt64arr_cmp_scalar_invalid['UTC+01:15'-DataFrame-nan]" time="0.004" /><testcase classname="pandas.tests.arithmetic.test_datetime64.TestDatetime64ArrayLikeComparisons" name="test_dt64arr_cmp_scalar_invalid['UTC+01:15'-array-foo]" time="0.002" /><testcase classname="pandas.tests.arithmetic.test_datetime64.TestDatetime64ArrayLikeComparisons" name="test_dt64arr_cmp_scalar_invalid['UTC+01:15'-array--1]" time="0.001" /><testcase classname="pandas.tests.arithmetic.test_datetime64.TestDatetime64ArrayLikeComparisons" name="test_dt64arr_cmp_scalar_invalid['UTC+01:15'-array-99]" time="0.001" /><testcase classname="pandas.tests.arithmetic.test_datetime64.TestDatetime64ArrayLikeComparisons" name="test_dt64arr_cmp_scalar_invalid['UTC+01:15'-array-4.0]" time="0.001" /><testcase classname="pandas.tests.arithmetic.test_datetime64.TestDatetime64ArrayLikeComparisons" name="test_dt64arr_cmp_scalar_invalid['UTC+01:15'-array-other4]" time="0.001" /><testcase classname="pandas.tests.arithmetic.test_datetime64.TestDatetime64ArrayLikeComparisons" name="test_dt64arr_cmp_scalar_invalid['UTC+01:15'-array-other5]" time="0.001" /><testcase classname="pandas.tests.arithmetic.test_datetime64.TestDatetime64ArrayLikeComparisons" name="test_dt64arr_cmp_scalar_invalid['UTC+01:15'-array-other6]" time="0.001" /><testcase classname="pandas.tests.arithmetic.test_datetime64.TestDatetime64ArrayLikeComparisons" name="test_dt64arr_cmp_scalar_invalid['UTC+01:15'-array-None]" time="0.001" /><testcase classname="pandas.tests.arithmetic.test_datetime64.TestDatetime64ArrayLikeComparisons" name="test_dt64arr_cmp_scalar_invalid['UTC+01:15'-array-nan]" time="0.001" /><testcase classname="pandas.tests.arithmetic.test_datetime64.TestDatetime64ArrayLikeComparisons" name="test_dt64arr_cmp_scalar_invalid['UTC-02:15'-Index-foo]" time="0.002" /><testcase classname="pandas.tests.arithmetic.test_datetime64.TestDatetime64ArrayLikeComparisons" name="test_dt64arr_cmp_scalar_invalid['UTC-02:15'-Index--1]" time="0.001" /><testcase classname="pandas.tests.arithmetic.test_datetime64.TestDatetime64ArrayLikeComparisons" name="test_dt64arr_cmp_scalar_invalid['UTC-02:15'-Index-99]" time="0.002" /><testcase classname="pandas.tests.arithmetic.test_datetime64.TestDatetime64ArrayLikeComparisons" name="test_dt64arr_cmp_scalar_invalid['UTC-02:15'-Index-4.0]" time="0.001" /><testcase classname="pandas.tests.arithmetic.test_datetime64.TestDatetime64ArrayLikeComparisons" name="test_dt64arr_cmp_scalar_invalid['UTC-02:15'-Index-other4]" time="0.002" /><testcase classname="pandas.tests.arithmetic.test_datetime64.TestDatetime64ArrayLikeComparisons" name="test_dt64arr_cmp_scalar_invalid['UTC-02:15'-Index-other5]" time="0.001" /><testcase classname="pandas.tests.arithmetic.test_datetime64.TestDatetime64ArrayLikeComparisons" name="test_dt64arr_cmp_scalar_invalid['UTC-02:15'-Index-other6]" time="0.002" /><testcase classname="pandas.tests.arithmetic.test_datetime64.TestDatetime64ArrayLikeComparisons" name="test_dt64arr_cmp_scalar_invalid['UTC-02:15'-Index-None]" time="0.002" /><testcase classname="pandas.tests.arithmetic.test_datetime64.TestDatetime64ArrayLikeComparisons" name="test_dt64arr_cmp_scalar_invalid['UTC-02:15'-Index-nan]" time="0.001" /><testcase classname="pandas.tests.arithmetic.test_datetime64.TestDatetime64ArrayLikeComparisons" name="test_dt64arr_cmp_scalar_invalid['UTC-02:15'-Series-foo]" time="0.003" /><testcase classname="pandas.tests.arithmetic.test_datetime64.TestDatetime64ArrayLikeComparisons" name="test_dt64arr_cmp_scalar_invalid['UTC-02:15'-Series--1]" time="0.002" /><testcase classname="pandas.tests.arithmetic.test_datetime64.TestDatetime64ArrayLikeComparisons" name="test_dt64arr_cmp_scalar_invalid['UTC-02:15'-Series-99]" time="0.002" /><testcase classname="pandas.tests.arithmetic.test_datetime64.TestDatetime64ArrayLikeComparisons" name="test_dt64arr_cmp_scalar_invalid['UTC-02:15'-Series-4.0]" time="0.002" /><testcase classname="pandas.tests.arithmetic.test_datetime64.TestDatetime64ArrayLikeComparisons" name="test_dt64arr_cmp_scalar_invalid['UTC-02:15'-Series-other4]" time="0.002" /><testcase classname="pandas.tests.arithmetic.test_datetime64.TestDatetime64ArrayLikeComparisons" name="test_dt64arr_cmp_scalar_invalid['UTC-02:15'-Series-other5]" time="0.002" /><testcase classname="pandas.tests.arithmetic.test_datetime64.TestDatetime64ArrayLikeComparisons" name="test_dt64arr_cmp_scalar_invalid['UTC-02:15'-Series-other6]" time="0.002" /><testcase classname="pandas.tests.arithmetic.test_datetime64.TestDatetime64ArrayLikeComparisons" name="test_dt64arr_cmp_scalar_invalid['UTC-02:15'-Series-None]" time="0.002" /><testcase classname="pandas.tests.arithmetic.test_datetime64.TestDatetime64ArrayLikeComparisons" name="test_dt64arr_cmp_scalar_invalid['UTC-02:15'-Series-nan]" time="0.002" /><testcase classname="pandas.tests.arithmetic.test_datetime64.TestDatetime64ArrayLikeComparisons" name="test_dt64arr_cmp_scalar_invalid['UTC-02:15'-DataFrame-foo]" time="0.005" /><testcase classname="pandas.tests.arithmetic.test_datetime64.TestDatetime64ArrayLikeComparisons" name="test_dt64arr_cmp_scalar_invalid['UTC-02:15'-DataFrame--1]" time="0.004" /><testcase classname="pandas.tests.arithmetic.test_datetime64.TestDatetime64ArrayLikeComparisons" name="test_dt64arr_cmp_scalar_invalid['UTC-02:15'-DataFrame-99]" time="0.004" /><testcase classname="pandas.tests.arithmetic.test_datetime64.TestDatetime64ArrayLikeComparisons" name="test_dt64arr_cmp_scalar_invalid['UTC-02:15'-DataFrame-4.0]" time="0.004" /><testcase classname="pandas.tests.arithmetic.test_datetime64.TestDatetime64ArrayLikeComparisons" name="test_dt64arr_cmp_scalar_invalid['UTC-02:15'-DataFrame-other4]" time="0.004" /><testcase classname="pandas.tests.arithmetic.test_datetime64.TestDatetime64ArrayLikeComparisons" name="test_dt64arr_cmp_scalar_invalid['UTC-02:15'-DataFrame-other5]" time="0.004" /><testcase classname="pandas.tests.arithmetic.test_datetime64.TestDatetime64ArrayLikeComparisons" name="test_dt64arr_cmp_scalar_invalid['UTC-02:15'-DataFrame-other6]" time="0.004" /><testcase classname="pandas.tests.arithmetic.test_datetime64.TestDatetime64ArrayLikeComparisons" name="test_dt64arr_cmp_scalar_invalid['UTC-02:15'-DataFrame-None]" time="0.004" /><testcase classname="pandas.tests.arithmetic.test_datetime64.TestDatetime64ArrayLikeComparisons" name="test_dt64arr_cmp_scalar_invalid['UTC-02:15'-DataFrame-nan]" time="0.004" /><testcase classname="pandas.tests.arithmetic.test_datetime64.TestDatetime64ArrayLikeComparisons" name="test_dt64arr_cmp_scalar_invalid['UTC-02:15'-array-foo]" time="0.002" /><testcase classname="pandas.tests.arithmetic.test_datetime64.TestDatetime64ArrayLikeComparisons" name="test_dt64arr_cmp_scalar_invalid['UTC-02:15'-array--1]" time="0.001" /><testcase classname="pandas.tests.arithmetic.test_datetime64.TestDatetime64ArrayLikeComparisons" name="test_dt64arr_cmp_scalar_invalid['UTC-02:15'-array-99]" time="0.001" /><testcase classname="pandas.tests.arithmetic.test_datetime64.TestDatetime64ArrayLikeComparisons" name="test_dt64arr_cmp_scalar_invalid['UTC-02:15'-array-4.0]" time="0.001" /><testcase classname="pandas.tests.arithmetic.test_datetime64.TestDatetime64ArrayLikeComparisons" name="test_dt64arr_cmp_scalar_invalid['UTC-02:15'-array-other4]" time="0.001" /><testcase classname="pandas.tests.arithmetic.test_datetime64.TestDatetime64ArrayLikeComparisons" name="test_dt64arr_cmp_scalar_invalid['UTC-02:15'-array-other5]" time="0.001" /><testcase classname="pandas.tests.arithmetic.test_datetime64.TestDatetime64ArrayLikeComparisons" name="test_dt64arr_cmp_scalar_invalid['UTC-02:15'-array-other6]" time="0.001" /><testcase classname="pandas.tests.arithmetic.test_datetime64.TestDatetime64ArrayLikeComparisons" name="test_dt64arr_cmp_scalar_invalid['UTC-02:15'-array-None]" time="0.001" /><testcase classname="pandas.tests.arithmetic.test_datetime64.TestDatetime64ArrayLikeComparisons" name="test_dt64arr_cmp_scalar_invalid['UTC-02:15'-array-nan]" time="0.001" /><testcase classname="pandas.tests.arithmetic.test_datetime64.TestDatetime64ArrayLikeComparisons" name="test_dt64arr_cmp_scalar_invalid[tzutc()-Index-foo]" time="0.002" /><testcase classname="pandas.tests.arithmetic.test_datetime64.TestDatetime64ArrayLikeComparisons" name="test_dt64arr_cmp_scalar_invalid[tzutc()-Index--1]" time="0.001" /><testcase classname="pandas.tests.arithmetic.test_datetime64.TestDatetime64ArrayLikeComparisons" name="test_dt64arr_cmp_scalar_invalid[tzutc()-Index-99]" time="0.001" /><testcase classname="pandas.tests.arithmetic.test_datetime64.TestDatetime64ArrayLikeComparisons" name="test_dt64arr_cmp_scalar_invalid[tzutc()-Index-4.0]" time="0.001" /><testcase classname="pandas.tests.arithmetic.test_datetime64.TestDatetime64ArrayLikeComparisons" name="test_dt64arr_cmp_scalar_invalid[tzutc()-Index-other4]" time="0.002" /><testcase classname="pandas.tests.arithmetic.test_datetime64.TestDatetime64ArrayLikeComparisons" name="test_dt64arr_cmp_scalar_invalid[tzutc()-Index-other5]" time="0.001" /><testcase classname="pandas.tests.arithmetic.test_datetime64.TestDatetime64ArrayLikeComparisons" name="test_dt64arr_cmp_scalar_invalid[tzutc()-Index-other6]" time="0.001" /><testcase classname="pandas.tests.arithmetic.test_datetime64.TestDatetime64ArrayLikeComparisons" name="test_dt64arr_cmp_scalar_invalid[tzutc()-Index-None]" time="0.001" /><testcase classname="pandas.tests.arithmetic.test_datetime64.TestDatetime64ArrayLikeComparisons" name="test_dt64arr_cmp_scalar_invalid[tzutc()-Index-nan]" time="0.001" /><testcase classname="pandas.tests.arithmetic.test_datetime64.TestDatetime64ArrayLikeComparisons" name="test_dt64arr_cmp_scalar_invalid[tzutc()-Series-foo]" time="0.002" /><testcase classname="pandas.tests.arithmetic.test_datetime64.TestDatetime64ArrayLikeComparisons" name="test_dt64arr_cmp_scalar_invalid[tzutc()-Series--1]" time="0.002" /><testcase classname="pandas.tests.arithmetic.test_datetime64.TestDatetime64ArrayLikeComparisons" name="test_dt64arr_cmp_scalar_invalid[tzutc()-Series-99]" time="0.002" /><testcase classname="pandas.tests.arithmetic.test_datetime64.TestDatetime64ArrayLikeComparisons" name="test_dt64arr_cmp_scalar_invalid[tzutc()-Series-4.0]" time="0.002" /><testcase classname="pandas.tests.arithmetic.test_datetime64.TestDatetime64ArrayLikeComparisons" name="test_dt64arr_cmp_scalar_invalid[tzutc()-Series-other4]" time="0.002" /><testcase classname="pandas.tests.arithmetic.test_datetime64.TestDatetime64ArrayLikeComparisons" name="test_dt64arr_cmp_scalar_invalid[tzutc()-Series-other5]" time="0.002" /><testcase classname="pandas.tests.arithmetic.test_datetime64.TestDatetime64ArrayLikeComparisons" name="test_dt64arr_cmp_scalar_invalid[tzutc()-Series-other6]" time="0.002" /><testcase classname="pandas.tests.arithmetic.test_datetime64.TestDatetime64ArrayLikeComparisons" name="test_dt64arr_cmp_scalar_invalid[tzutc()-Series-None]" time="0.002" /><testcase classname="pandas.tests.arithmetic.test_datetime64.TestDatetime64ArrayLikeComparisons" name="test_dt64arr_cmp_scalar_invalid[tzutc()-Series-nan]" time="0.002" /><testcase classname="pandas.tests.arithmetic.test_datetime64.TestDatetime64ArrayLikeComparisons" name="test_dt64arr_cmp_scalar_invalid[tzutc()-DataFrame-foo]" time="0.005" /></testsuite></testsuites>
